[RUN #0 5 2]
-581 -120 400 872 -861
754 276 169 353 279
[RUN #1 500 2]
-449 779 -192 -513 -510 786 -280 -347 -207 926 -562 -7 -845 910 774 -807 648 282 -386 -692 -208 693 813 181 647 -21 215 -282 528 712 6 -296 170 -316 747 168 112 -932 -146 -863 -840 -201 732 -926 -342 -823 496 231 -2 -939 404 302 808 -212 -439 613 -790 -10 -537 -82 -723 420 782 -404 -348 455 198 -996 -761 275 642 -37 -869 143 -821 -463 692 581 296 -346 -99 -46 -271 854 686 713 -292 -42 -489 -546 -656 984 -848 859 901 495 -743 672 80 381 -309 403 -297 28 935 -504 -603 633 429 691 154 963 688 -184 -834 173 -270 804 735 730 -34 598 387 458 136 342 -870 352 -377 -301 -215 998 253 -465 -170 736 -52 756 315 -627 763 49 -286 506 -174 653 611 738 806 607 886 -365 -331 -323 -92 -278 408 -188 -300 -660 398 -590 110 487 225 880 -356 -940 -621 -214 -157 571 329 823 -200 -235 109 573 251 891 667 -873 4 -355 838 -434 105 927 164 37 -68 -313 -352 857 -400 849 -131 147 760 -864 559 78 202 841 -401 -371 -71 893 -687 917 996 68 810 675 -930 -664 -256 -707 -136 748 -700 171 22 439 -636 -667 -502 183 944 -329 772 830 129 267 71 -391 -867 294 550 569 -406 426 230 -886 798 521 -822 656 421 955 453 452 799 781 -216 -563 -909 -74 -451 300 -477 -486 948 -751 -222 662 -29 156 708 475 10 -578 139 -620 -85 -234 909 -623 -262 43 811 234 595 -921 975 -167 13 177 928 -951 -736 -860 -808 -686 870 -724 414 -580 746 385 805 -275 -173 -674 983 -691 920 -110 -851 -832 489 -491 771 -458 -742 -584 450 -139 -767 778 -876 194 -970 820 -678 766 972 -179 513 887 226 -643 -561 897 -239 441 959 -421 -968 537 -833 -606 514 153 -535 574 346 -711 93 579 -984 454 206 661 -615 -888 -349 -248 270 -83 -171 831 -393 -424 -955 -809 -258 -891 337 246 31 -911 477 422 -431 -125 236 626 900 189 -806 -718 16 -813 -27 -291 898 765 -226 406 976 -366 -390 -844 -141 929 601 -779 5 -69 -906 593 348 108 138 46 368 -735 -774 228 -524 500 128 -394 491 -512 -38 425 481 -22 945 -328 -118 -634 -12 636 42 719 991 -354 56 261 118 -399 -475 15 -739 -304 -48 26 21 660 -539 588 711 -397 468 464 331 227 -586 744 -979 878 -199 966 -672 980 283 -731 512 -694 978 121 842 311 165 952 134 484 -436 606 913 846 609 -325 -601 734 -828 -185 -785 -812 -203 881 328 254 575 -445 586 -877 150 853 175 -933 -658 229 663 -706 -333 471
-657 35 702 -443 556 442 86 223 -584 -251 -99 -115 -323 904 -879 -475 -426 793 973 -884 -887 -676 152 -715 429 367 -467 910 -226 375 149 788 435 705 -823 -207 -485 -739 -456 820 919 -70 -813 817 138 -796 774 933 570 -293 60 -763 558 -410 301 -789 298 968 -579 -593 -398 -518 516 -829 707 202 -327 540 7 -33 -873 -920 329 985 481 53 -792 605 545 -734 362 843 -213 42 -82 -765 -761 544 584 -557 712 -229 -717 939 177 738 -63 -742 740 -186 405 -543 392 -869 765 -645 211 680 -185 -795 303 -883 -751 -463 -604 -774 -423 -239 -5 334 -819 701 415 -737 575 131 -567 450 -272 -357 235 -18 -500 615 555 -770 862 -233 -616 270 987 855 491 -871 -533 627 -493 103 -425 480 -26 -999 93 441 88 -151 -778 -359 -44 -216 99 -988 -444 -84 -636 593 895 762 695 -157 -982 -736 467 -697 245 515 -753 8 -409 -868 937 112 25 -477 -390 67 690 -673 -89 -440 32 924 -473 608 384 280 -322 -265 -502 346 390 -860 -779 212 -580 499 460 -892 -911 -30 188 975 548 619 683 388 73 692 236 -175 -170 174 -309 -576 -291 176 -72 -705 -126 -356 647 503 -542 135 767 427 -740 225 -246 -934 624 -50 -211 419 789 477 549 -998 524 279 -302 807 20 200 610 724 -566 264 -370 -640 718 -685 -888 -307 21 651 310 -32 -107 -238 -614 238 880 773 150 955 -312 978 -208 528 -488 -88 -762 -163 966 -805 -709 -890 407 -955 71 -724 476 -190 -877 -541 -209 699 -144 -815 -338 711 505 257 890 277 335 400 -417 -900 961 -422 859 -933 -820 -682 -899 -741 -179 175 -92 750 -912 285 37 882 107 710 -66 321 796 509 293 -691 -600 907 -662 164 533 652 -620 349 -57 599 -915 -236 871 -380 -329 561 891 360 -27 -721 786 771 -154 -582 -310 98 -148 -472 -363 -465 560 23 90 856 408 404 -125 241 790 935 63 340 159 -419 829 288 -996 440 -971 186 -223 299 623 899 590 -524 185 -974 -527 -749 457 104 585 578 182 262 363 357 -231 -348 -719 947 801 -932 308 -981 -361 287 398 -200 382 -73 302 -364 -850 -630 -867 727 474 844 717 254 -589 -152 645 475 -658 -882 633 -655 885 204 997 230 -188 514 396 617 -896 386 -29 -670 -701 -147 886 751 237 -262 167 -61 80 675 483 -641 -603 -256 275 637 -864 511 908 -210 -809 -635 911 453 -572 -47 122 -654 559 653 328 757 84 902 -562 631 -225 307 397 -48 -577 833 -613 -508 550 -62 403 -377 -140 -71 -730 -103 82 792
[RUN #2 100 2]
153 906 764 -741 375 -40 -884 -173 -919 701 850 987 133 505 -379 -677 995 -404 -109 -699 209 -470 299 -536 954 951 -160 -752 -198 589 179 239 926 -446 46 787 -876 -611 -665 967 54 -215 -95 -322 -759 -753 -201 875 337 33 -22 839 269 448 354 303 -296 -244 593 535 -502 -955 -857 450 557 -135 206 -430 -497 -82 -68 -982 13 -410 -52 -587 -338 549 -986 -412 -978 334 -132 -722 400 -65 438 -221 -440 751 523 -343 893 -358 484 -97 -650 -469 437 892
-666 -460 -410 -511 -921 453 314 595 886 307 -974 649 -27 -196 -649 -289 488 -998 -343 -820 640 -552 375 581 -208 339 -695 223 988 822 618 -654 175 505 40 -546 936 734 515 521 64 -159 365 829 153 579 593 288 -82 -359 838 -937 47 -865 -19 565 -390 -770 17 -1 541 -375 -977 -905 -435 689 206 355 -158 -308 647 -779 -45 -823 -79 -749 865 -761 350 745 549 159 103 -427 585 -415 -31 412 -61 -495 -83 610 784 -987 -652 -994 242 660 509 -449
[RUN #3 1000 2]
-896 -317 876 -918 887 221 448 460 -962 -659 -968 -228 278 713 -738 -574 36 -597 -932 -316 255 663 -51 699 272 276 114 -550 629 335 -548 -14 900 -822 361 -661 980 -609 -363 545 -832 357 -629 302 434 -486 392 944 -537 -324 701 943 -915 959 -393 -955 -33 -348 -264 -626 215 -956 -388 936 340 655 2 799 731 -278 170 588 -905 864 52 -615 -485 101 724 525 38 313 -611 -958 -428 976 336 422 -998 601 -660 -453 -653 -470 829 649 -327 567 -717 574 725 239 753 -144 -643 -53 -583 -970 798 -280 -892 81 -699 391 -954 -960 -71 -456 -272 152 -74 -662 769 -509 650 -484 138 -101 -121 -432 467 739 -142 835 -242 -233 783 -552 -768 -801 -70 -382 -709 -466 745 -377 911 -887 -678 208 752 -830 968 -693 -914 -414 -588 360 -213 -883 383 497 930 -122 408 768 823 -318 177 -232 -757 -247 -735 824 937 511 -934 -89 -52 -736 -977 74 939 -471 7 83 954 192 -289 381 604 -385 -319 265 636 398 -753 818 578 -759 -773 553 -179 478 -39 -354 -536 -23 -549 -167 -604 -800 -711 -140 462 671 -823 -994 -199 122 -35 -997 -429 102 -473 819 872 -266 -16 -888 -326 -92 -636 -622 -375 -221 -380 817 -674 499 720 917 546 -503 -754 -867 -235 866 -240 -781 -207 -606 832 920 -655 406 201 -337 -612 -257 268 -27 58 375 837 223 -65 68 287 146 -11 -378 -351 317 -194 115 -586 14 -749 527 -850 -845 -211 786 549 -713 889 582 -667 331 660 801 -981 591 -32 159 43 423 -128 845 -114 602 -608 196 297 -379 -321 -783 -172 698 634 90 790 -25 -571 -708 -366 -640 -21 -880 974 -129 -256 73 253 730 -900 -84 542 -282 791 -19 98 612 488 985 -566 -415 370 -698 -434 -842 539 -966 8 623 349 180 510 -374 -920 -497 -654 -98 364 291 -791 -959 -720 -952 -840 -112 -807 700 -59 992 27 628 957 566 -178 433 108 -361 254 738 -283 857 -560 576 -826 934 -81 593 908 -398 524 71 921 112 662 438 641 -824 618 247 796 767 -332 -942 244 756 329 519 -716 631 -769 -841 -12 -505 540 175 776 -85 -202 -835 923 -6 -329 -722 457 401 -741 382 234 404 213 717 185 143 155 -912 -926 99 827 35 861 836 -336 -758 -810 -925 417 -572 233 -490 990 -993 132 -506 -56 12 316 481 -123 135 -255 490 5 400 526 -899 -594 304 870 901 13 -389 -258 -530 279 -281 -680 719 746 -692 75 -664 149 -809 453 24 -704 718 -423 -539 124 702 -422 -200 -223 79 -645 972 763 -277 -871 912 384 -392 70 -837 435 474 993 986 -9 849 521 248 -868 -515 425 41 755 -2 -700 19 428 -747 178 -163 241 471 820 456 632 999 688 -320 -991 184 -162 -275 87 -185 570 -644 -804 797 147 929 -355 260 -893 -869 -451 902 358 72 788 657 23 -774 245 322 721 -746 150 -694 100 879 978 933 -148 158 -538 -251 33 -590 -944 -410 162 523 -651 807 922 -727 651 -243 -459 -668 -452 156 447 21 -482 871 -376 -17 442 306 685 -205 354 536 -928 225 -527 -157 -447 627 -666 -724 -437 729 -973 6 -584 925 953 -510 905 172 -387 165 131 261 -902 205 -564 862 -875 436 496 -748 350 -42 515 608 -554 232 -917 0 -492 484 105 -559 -839 288 -292 -684 -951 -825 821 736 758 -7 -73 -87 121 -935 -818 -872 320 -418 34 -853 -563 337 846 689 -323 92 -652 577 -210 348 -547 840 -813 47 828 965 -897 486 217 305 -86 633 916 -765 271 -230 127 450 226 516 188 734 -532 572 469 -855 259 -356 621 479 517 656 -712 -47 -13 569 639 664 -730 945 -372 -477 -596 883 643 -603 -296 -829 -833 342 555 659 295 110 -931 -498 -134 573 -426 483 -102 -61 587 -541 286 -874 691 831 951 784 -796 -402 898 211 250 -286 -72 -314 950 455 -433 -718 -580 503 -827 -742 80 -222 440 -656 412 -91 222 -764 971 505 899 -441 -790 735 926 -582 571 668 -461 856 -359 179 684 -141 -407 299 645 -83 744 603 -854 802 46 323 -870 -703 -90 -639 -57 -886 -641 622 113 -696 -371 -173 464 -287 -707 -784 -568 -504 -445 -990 -679 443 624 -119 57 507 -513 86 -936 961 693 -756 -160 -130 979 -174 501 -219 -623 568 -616 -715 -866 -961 838 -909 852 881 669 465 -916 760 -267 198 -342 301 -776 50 4 583 1 743 -149 -394 95 -865 -516 709 -767 543 128 855 605 -36 682 620 759 91 -37 389 -236 -26 55 -734 -649 107 749 737 765 -245 -360 280 942 118 -577 240 -519 -263 -901 -528 -201 -940 -215 109 -115 -1 -542 -607 154 45 -1000 -427 728 344 324 193 -165 -304 -137 210 -166 -293 309 32 -863 897 -10 690 595 -250 77 -109 646 -431 164 -413 -97 -189 421 830 815 -212 -417 -937 -878 877 -94 -671 332 -633 558 780 -585 355 -976 449 403 373 -156 714 -553 312 235 -335 -192 811 940 -368 475 -481 941 -399 860 -816 -269 988 813 -770 15 552 200 -819 410 327 -465 -964 880 -55 949 787 -522 18 492 -46 -702 137 761 229 134 174 -480 -75 49 -889 -558 -152 -890 -463 782 -188 394 -849
-289 74 917 -599 456 603 137 -688 332 -55 763 -194 536 -714 304 -361 -703 -620 -924 157 849 755 -791 940 929 -166 -403 53 -198 -269 839 780 -800 -801 -961 294 -479 838 136 -259 313 591 -849 757 110 -933 -376 59 -840 -366 175 -683 563 -468 -381 364 -765 -1 -74 227 -768 948 853 991 -218 758 739 68 300 824 256 376 964 784 312 677 -882 -450 713 49 -585 -664 -340 -447 -861 -741 350 686 211 -993 98 -116 230 -960 -52 -608 144 -795 -413 -998 504 -246 445 -200 -868 261 781 -588 -650 173 894 -569 -168 403 -745 -881 -845 827 429 158 -798 909 984 872 -898 -149 -352 669 801 -28 324 -582 -533 876 558 25 -374 46 -690 -69 -692 -495 433 275 -226 740 -622 -670 -747 -344 -404 523 -817 -793 431 -699 584 -445 357 -885 -888 34 -398 -587 401 702 -636 -466 -314 -609 -301 -883 386 349 361 477 600 -929 400 153 -759 -600 -279 612 13 709 -456 -35 -75 805 -196 45 -93 -7 -151 103 629 611 -121 -157 821 -122 -379 345 -303 -841 -97 111 -546 899 -444 253 -59 316 -102 35 56 -846 -333 501 -790 -614 892 706 -705 -41 37 415 -990 -491 -764 112 208 898 -346 197 -208 167 -746 -811 688 957 -337 308 330 87 252 -867 374 -389 -162 -572 676 -774 874 -903 543 774 -730 293 -946 865 887 637 -675 222 -535 249 460 417 489 -580 905 -490 -442 -728 -405 145 -191 -108 78 354 916 -285 -439 -230 -578 822 -252 736 -515 516 15 -109 393 675 -784 -390 955 -359 190 -367 233 -192 -749 -335 -927 257 790 -505 148 -564 859 714 47 274 342 -186 458 146 662 938 -559 90 -896 650 435 514 -590 -327 -780 -626 -363 -118 388 -3 718 862 -185 -842 483 -33 946 -397 -486 -697 -112 918 590 -449 61 -729 970 732 -36 -987 -521 -766 -862 -435 -357 -104 490 808 -972 122 152 28 -316 359 353 -38 124 -148 -776 664 285 727 -617 -78 -651 683 462 631 843 -302 932 753 -522 -886 -835 -726 -61 519 368 -51 -242 -181 -607 627 802 286 645 92 295 585 -659 836 -951 -694 -825 -119 812 113 -343 570 -126 126 647 262 -642 738 -583 -539 203 -516 -634 160 -195 -179 -49 -712 384 -959 744 -541 216 -461 726 673 857 770 -925 -460 -639 947 -182 289 -632 -159 -663 -416 -257 529 -928 -273 552 -399 231 -859 963 -589 -808 -813 -976 -440 100 -294 -392 413 239 -349 -511 800 -60 568 -623 -786 -385 515 -525 -391 229 541 195 956 680 -127 -592 729 -611 -643 -700 922 317 65 779 193 -870 21 -693 426 -526 -606 404 491 -652 -169 -755 97 -497 733 -411 -323 771 952 510 4 633 -724 665 -158 -743 -866 -29 503 587 -936 534 819 424 -336 467 52 5 -10 -431 -781 339 -668 -955 -988 856 -656 -233 -653 108 410 205 958 -971 -769 638 -281 488 848 -921 901 496 682 869 -283 687 -130 760 508 -547 347 -129 -865 -962 468 421 -671 282 69 266 -210 -120 -386 -326 605 383 55 -524 369 12 807 -557 201 76 -295 608 -338 -173 493 301 -537 705 -577 987 -197 494 -847 -220 -402 569 -21 -498 -54 -684 -939 -853 -593 696 -595 -434 -146 -255 -407 -58 168 951 -89 -45 -145 -843 140 -478 -605 -176 694 -105 17 939 -735 -613 575 710 -635 674 -222 -649 712 114 628 498 -467 930 459 -995 -496 621 -682 -240 623 358 -725 159 -833 165 -20 -575 214 -80 -734 -889 -822 -328 679 367 -216 -464 418 -560 941 -5 -180 -453 949 -733 464 825 609 -231 -920 -260 775 -983 -459 846 -24 -899 748 -40 -128 656 306 799 32 -9 524 -292 651 70 104 176 -312 -720 -594 381 -360 663 -660 -276 969 234 -658 -342 -809 -504 280 -213 927 -135 486 -473 973 554 599 666 830 989 -25 724 164 -610 789 743 -13 -132 156 -174 502 -992 972 -477 525 288 -830 936 782 169 564 -474 -561 -751 910 960 -324 828 793 -619 863 -775 250 314 -579 -979 833 -113 -665 -297 -922 269 302 278 -270 -99 -84 907 375 -997 636 315 814 -806 652 -365 -17 142 -95 -934 681 277 -380 325 27 860 407 -310 -534 481 232 526 -554 914 -909 -1000 896 578 -305 -401 31 546 221 844 924 -417 -894 -144 -637 722 632 -331 23 99 -485 251 -66 684 -702 91 -710 -277 -666 796 217 -732 944 450 -83 219 -864 356 871 -789 895 841 759 389 -707 -463 -415 983 58 143 -177 -183 -304 -893 238 -278 -219 -137 -224 44 528 416 -530 -994 990 -756 -869 -645 870 -420 107 -805 -67 -430 -679 43 131 -322 -948 811 -428 626 -711 -488 659 -799 191 -172 953 428 327 -709 762 -615 -451 562 461 348 945 -753 40 -508 596 -551 571 707 750 96 -685 385 189 -37 94 583 -202 648 -124 -713 93 430 -480 610 -164 166 309 820 -875 204 258 -602 -760 72 544 -221 42 672 -803 -507 360 36 829 -935 -731 -802 -256 999 817 -919 752 446 408 260 116 321 -915 813 -597 -455 88 474 -722 -189 -383 875 -568 548 -8 581 -85 -880 890 26 586 -429 442 -876 704 -11 959 -941 982 -815 149 -965 307 475 -556 -63 22 -829 457 -549 -262
[RUN #4 10000 1]

[RUN #5 5000 1]

[RUN #6 2000 1]
149 -498 833 28 716 499 -806 -194 610 739 386 -10 47 64 -915 -230 -776 -841 -310 -627 504 -994 904 -79 -789 449 -405 -761 -213 -359 162 421 361 -461 -911 -722 404 71 -962 -781 701 766 -772 203 -110 -323 -436 606 -4 238 948 521 312 528 -88 678 783 -414 -74 -211 483 129 403 -993 -602 709 372 829 -643 125 895 522 -278 -633 364 -422 625 -202 538 835 671 -863 -364 264 -527 121 3 -504 532 859 -308 -758 -413 -745 202 950 -353 14 -730 806 -191 -385 -562 -227 995 782 729 812 -174 751 773 936 177 -372 -97 -53 -69 -508 -488 124 -140 34 -395 -319 -286 443 -232 379 -340 253 -560 274 -490 -189 -354 -638 -986 -754 -476 366 189 -575 -275 797 815 -279 -536 327 -261 -906 708 175 -90 19 -590 -480 -739 -432 -483 413 118 -798 553 -210 624 567 734 824 -58 931 -135 -654 -20 -472 322 85 -858 -635 58 764 -361 0 769 -743 265 -165 -446 -592 674 -506 -449 299 -479 -403 542 -637 887 -225 131 570 -87 -182 141 -990 912 891 367 -252 -653 416 -879 -838 878 -393 258 814 -73 66 168 -33 41 280 357 -949 849 -93 -597 979 752 -950 -889 994 986 242 208 108 199 -661 -142 844 696 -148 651 228 -394 294 61 772 -934 76 607 605 363 -416 282 396 -727 -228 942 -652 847 -548 194 467 440 966 -767 53 906 323 -82 -138 -959 -712 -930 -785 976 298 123 -7 647 -239 -998 -250 -572 939 276 913 935 -265 -941 -72 914 905 -66 429 -505 36 -687 -47 380 -62 582 -407 -497 -992 -358 -774 143 -200 -248 872 45 -91 -946 518 819 179 -167 -750 -808 -582 -845 -552 262 -619 -550 603 -684 -41 897 447 551 -467 619 227 -788 -795 -294 23 -367 632 -515 -988 333 57 9 -902 387 771 -732 408 18 774 -752 152 840 -445 -433 917 100 -576 516 -981 -35 -157 736 448 -709 971 2 -173 864 49 344 -126 -303 -2 927 727 525 -352 307 11 539 383 673 -332 -85 560 -985 -952 -397 -236 353 398 593 477 662 240 -260 109 -814 -875 37 172 360 -742 531 684 724 -164 932 908 876 -434 116 -273 103 959 -334 -537 -648 -423 -209 -281 -37 -388 473 -521 920 640 22 -463 405 -26 -657 87 -695 -271 -746 -100 216 -567 25 -219 563 -848 703 552 711 -563 -601 -984 -327 -430 332 -831 139 712 842 -136 -510 -264 592 860 72 42 166 94 -255 469 -759 749 82 963 -218 888 -389 -670 321 -99 628 368 -987 -616 437 -283 -188 970 949 -735 -109 -214 -523 33 187 10 153 -864 -820 245 401 855 -862 926 230 -656 -301 328 491 -131 -108 -703 425 822 -420 -512 -749 476 -306 4 155 -21 -268 -573 -257 -903 -114 198 676 958 -249 355 88 -829 -892 821 -284 -738 -404 -855 318 -748 -419 770 731 482 466 378 -203 -235 226 241 297 -529 486 -162 -382 710 181 655 -5 -704 -362 119 343 -238 -951 -431 831 -526 825 248 -316 -256 1 308 826 -51 -470 850 -104 454 -54 -455 601 -38 622 -599 -94 -363 778 488 -313 -351 -757 694 870 130 -330 -918 -514 -780 -706 670 688 763 462 93 -107 -77 -380 -89 741 352 59 -801 881 -611 -201 -475 388 -583 672 957 -462 -450 -953 -149 685 -237 -23 140 -587 -154 -204 682 -379 621 -341 961 -904 645 -370 666 823 -696 -873 -315 161 -150 648 151 167 428 577 -509 -836 -725 -963 89 813 475 104 880 219 500 692 884 -349 -882 788 270 898 -144 941 247 -908 780 444 -486 463 313 -118 -816 -16 -912 122 -86 802 -591 17 207 626 97 786 -594 -604 -561 -815 221 -105 -158 -153 562 -112 576 456 400 -764 -958 677 -193 512 534 -847 -887 -718 -632 218 -398 414 865 -697 810 -835 754 342 565 -830 612 -290 -277 326 -129 848 838 68 -675 -304 -954 -886 300 -442 -259 -631 -29 924 29 -719 -823 -809 -569 -939 893 457 214 519 967 -578 -390 62 -447 -965 38 536 -603 350 273 39 445 -545 -533 249 -649 -589 550 918 790 217 -568 851 -714 -614 508 479 -39 -391 134 -494 -968 -365 -68 205 -468 805 -402 889 513 -11 -186 -899 345 969 40 236 -325 843 -132 937 585 105 -57 -700 496 -95 544 -837 656 554 -645 -598 -685 81 -384 -116 517 828 244 547 820 830 515 978 107 -262 -890 -880 -609 481 137 921 222 -40 -101 46 748 -623 -957 186 -770 762 -244 340 -793 -314 874 646 705 -103 302 983 441 -842 -885 -555 159 -881 -312 142 537 -655 -622 925 -558 489 -251 -677 -6 -913 793 -901 -869 740 -134 -491 714 -499 -679 863 930 -852 854 -672 -459 -525 608 -474 -927 -673 -805 834 336 243 56 -331 304 301 246 558 768 -342 -128 -522 -817 138 426 331 -185 -50 -909 800 -861 858 852 286 -933 -716 -753 67 -501 691 698 -532 126 -574 962 -78 -782 492 110 -59 922 -98 -969 397 873 21 35 73 -888 -181 -464 -851 -646 -487 861 169 545 30 580 402 943 882 614 750 530 -777 -853 910 744 -729 -217 -392 -975 -607 -111 -840 816 618 629 -686 229 588 -198 -977 -566 991 686 -807 289 890 -991 409 433 -406 623 -43 -441 -613 -682 -417 335 -762 233 -466 721 -356 575 574 184 -492 -547 -378 -285 -826 956 -448 113 -396 535 789 947 853 -541 -964 -63 -141 -357 -763 980 -288 52 -24 -982 147 -500 470 -620 -222 894 505 -159 -844 315 285 -943 374 996 564 -689 -113 -972 -377 934 -859 -322 235 933 -147 -229 157 -17 -824 -571 -945 -546 974 296 -266 314 371 -64 659 -867 144 -502 900 -45 719 720 -584 -458 636 -338 -360 -267 478 250 490 -935 -309 381 417 -471 459 -65 809 981 -3 -399 158 377 718 369 -658 -439 -710 779 75 -70 -979 434 875 745 215 -980 -800 423 493 -544 -997 188 781 -139 288 -326 -208 385 -713 7 15 907 163 269 953 787 278 -588 452 923 -507 -866 -659 -791 -13 98 -810 -25 -196 -276 399 753 31 675 -216 -621 237 -223 182 617 827 -737 -300 32 48 -741 -121 590 602 252 -517 798 998 -246 -960 494 281 -180 -183 -496 569 173 -175 407 -386 -373 559 -850 191 -84 -799 -671 765 -28 392 669 212 165 982 579 573 989 -878 -48 254 722 -289 339 410 -874 -438 150 -443 54 -854 -790 -922 90 892 432 -452 649 239 319 775 225 -647 717 78 193 944 -176 693 -779 543 439 760 -465 665 412 641 997 960 -161 566 785 -540 839 382 -350 -877 -559 -664 337 -543 210 -297 -469 836 683 474 -812 799 627 -192 899 -318 510 -644 -595 -163 -784 713 546 -834 -641 776 965 784 -610 -756 511 43 871 -925 -296 654 -938 -586 -18 -106 376 857 -60 -383 200 633 680 -694 597 620 -884 681 591 557 209 -839 -916 -516 -624 257 634 111 -778 -535 272 523 -495 792 -755 174 -608 359 -894 -983 -143 -651 589 -883 -690 -347 945 968 604 69 -705 -865 348 733 -579 -728 275 867 642 761 106 -27 615 533 -83 846 -1 -197 -166 -802 -827 261 658 -557 132 -293 -683 -12 777 -860 -688 458 697 911 50 415 526 204 -435 120 317 325 5 548 737 756 -931 -849 419 460 -454 524 63 704 306 -31 -401 955 -207 -427 952 -736 154 -818 451 -226 520 -247 977 -910 -872 127 -348 442 164 -720 -702 279 -666 -740 -999 653 -940 667 -792 -577 679 -542 349 583 -565 -663 -411 255 -473 192 832 136 292 80 -921 330 51 -190 -127 -324 -612 527 351 879 27 -346 755 501 83 -369 427 -130 -426 742 -160 263 -846 940 817 -1000 -920 -907 395 502 -335 856 869 201 -715 435 916 -549 -489 311 -9 -343 -723 96 877 725 -948 -187 180 465 -711 -629 251 690 -178 497 95 -895 735 -345 901 -978 472 -49 -640 133 393 92 637 -280 -751 514 616 65 -298 -956 -321 -642 220 -254 702 -421 -734 938 791 726 540 -263 453 -691 394 390 -707 -936 -46 803 845 -919 -932 -320 972 -760 -868 -786 375 808 -634 -615 -580 213 600 -961 197 -460 -973 975 -119 -966 -828 287 -822 12 -42 661 -811 -371 290 464 -374 -813 -870 571 581 -717 973 -302 256 687 422 584 -893 -76 650 -581 -876 594 -794 984 555 44 -669 -905 -234 -19 -871 293 919 635 267 112 -477 866 -376 -292 -857 -440 561 391 -243 370 759 885 -900 341 461 -329 -220 -942 999 -146 841 -299 -928 -199 102 -245 -726 -967 406 541 77 992 -291 598 -152 638 -493 -170 -667 -253 -593 -605 -630 -914 -699 -366 316 794 587 -410 277 902 -944 801 652 320 -317 -693 -534 549 6 329 -639 883 988 -184 568 -606 699 -564 -976 420 663 -96 -570 728 -585 -337 -15 271 145 -769 -937 668 -556 303 438 86 84 -71 389 446 283 -333 -773 730 596 -428 424 -628 503 747 -796 334 928 -662 -803 101 -681 611 146 310 -856 -307 -287 -787 -415 -81 -92 384 -437 -891 -344 767 -125 -618 -56 -30 -701 -429 450 964 -274 903 190 -269 985 -425 -771 -511 211 758 -766 480 148 837 185 -775 664 295 -765 -929 -231 743 183 639 990 114 223 -179 -650 -698 946 -482 578 268 595 -531 -122 498 -923 156 115 -400 346 -295 431 -538 -67 -355 -513 795 -747 305 507 -457 556 -102 91 -528 291 430 20 -819 -123 868 -617 354 -625 -896 26 -539 509 170 -14 -665 -156 -206 951 -418 506 -117 -120 -282 -744 468 -258 70 436 -600 -172 695 60 -205 347 -61 -233 -444 -155 723 284 818 -797 -36 -768 -553 -212 -926 657 -783 -195 -731 8 224 987 -519 -971 -215 700 259 -328 -305 -151 231 -708 993 -996 715 -424 599 796 804 373 -843 -80 -833 -381 176 -832 16 -177 -221 24 -32 -974 -721 -524 746 630 -375 309 707 909 -52 -242 572 -387 -408 13 117 -481 206 -171 -368 -34 487 -22 260 232 -145 160 -554 757 -596 -8 -520 -898 -224 -311 171 -733 -680 -336 -451 929 324 338 -485 485 495 471 356 -955 689 358 896 74 99 807 455 -821 -133 -636 -241 -124 -484 196 411 234 -409 -676 -240 -339 484 -674 732 -270 -75 631 -551 -970 -44 -678 -272 -660 811 -995 886 -626 266 609 862 135 -804 -115 660 -55 -456 -917 -947 195 706 -989 613 -825 418 55 -518 -897 79 -503 -412 643 362 -692 -530 -453 -478 954 -924 -169 365 738 -168 529 178 586 -724 915 -137 -668 644 128
[RUN #7 2 1]
318 487
[RUN #8 4 1]
-462 -816 -514 -972
[RUN #9 100 1]
-875 497 883 841 150 589 -2 -436 848 -333 -208 625 484 -729 -352 -122 287 514 -416 -838 -979 321 268 -273 -568 135 696 -665 779 -103 -794 -200 462 309 -235 -395 382 773 325 544 373 -755 572 199 -490 -497 612 681 -941 405 -274 -815 -263 -176 -451 -500 330 -753 649 -759 723 345 -718 704 -976 -212 -383 823 297 797 -598 105 -863 -145 -70 -819 -800 -561 430 973 980 -676 -787 -104 -609 -405 -909 366 251 -142 -625 359 -882 -834 -854 -97 527 464 -975 621
[RUN #10 50 1]
259 -435 -548 961 411 -861 875 -149 -69 -139 924 116 983 -860 939 171 219 -277 -79 548 -648 661 677 -941 40 585 365 -546 -287 -482 228 -158 -377 138 23 -695 -7 515 246 984 848 168 -696 -81 262 482 -784 668 205 190
[RUN #11 20 1]
793 -720 883 563 485 418 -660 710 -824 -490 94 396 231 -431 -944 -18 45 278 653 87
[RUN #12 15 1]
-45 240 -700 -424 -865 -258 -353 -726 327 -398 -29 480 696 -785 -911
[RUN #13 10 1]
416 -766 478 709 -213 490 -33 35 -249 -269
[RUN #14 9 1]
184 157 618 -82 -66 -594 -164 -233 -101
[RUN #15 8 1]
-100 -214 812 -773 239 214 929 117
[RUN #16 7 1]
-399 -781 -330 -706 816 -321 259
[RUN #17 6 1]
-364 568 -457 -773 282 889
[RUN #18 5 1]
833 751 318 693 106
[RUN #19 500 1]
551 266 797 527 -232 -242 3 524 -728 829 -9 -627 7 -389 -186 -827 93 -634 842 -864 -700 -849 104 -47 554 660 211 99 -893 907 -202 -631 -923 -866 -542 578 948 725 403 -92 683 81 -65 -825 -620 -139 284 198 -450 437 -776 -451 994 -601 847 -329 472 -534 -314 -221 -696 680 584 -163 -786 -367 350 -762 914 -753 956 -401 759 374 466 -155 -724 -965 -933 -276 308 -468 191 599 580 147 -809 731 88 -608 182 229 816 -525 -852 141 15 -19 724 -578 -880 40 877 -38 -119 252 -44 49 202 721 675 -228 537 -162 988 960 -225 29 310 -103 -365 -71 -446 406 223 766 -263 501 -758 -559 -137 -983 -128 742 -470 -289 -409 866 -894 -72 -325 50 -287 253 221 -261 24 587 494 498 -449 -876 -352 974 328 -328 92 318 -18 -141 -610 488 -743 -191 -208 -669 -780 -805 165 -214 -865 -790 641 -612 545 565 -102 -233 800 -421 595 -505 787 904 382 -637 713 -648 426 434 -635 391 -517 692 243 471 674 -796 -317 340 593 -898 -755 449 -936 17 431 -629 177 -897 -906 -245 -662 868 51 -794 542 902 489 305 158 384 -479 -951 -749 475 540 -386 -74 916 -856 -924 -415 188 -680 -52 -997 -908 -36 -802 411 44 -971 -323 514 643 -523 410 -278 897 -336 -205 831 840 324 911 291 -355 -595 -91 144 509 -617 -269 826 -842 -771 892 353 364 783 -113 824 298 -552 220 -93 -340 -527 762 -756 -930 -433 2 77 803 654 -507 -524 -271 823 369 -499 -581 -100 72 -626 912 863 -607 419 -333 -632 940 343 -701 957 354 -294 661 717 835 461 -958 204 438 933 755 -351 756 694 -843 -200 -683 112 802 -199 761 330 395 -107 367 -742 -406 -687 -154 358 497 277 996 711 89 467 962 496 -348 786 -441 149 244 768 -22 560 504 21 720 739 493 986 241 -465 -77 -234 379 337 634 -198 -383 -733 -359 -486 -869 -413 -543 -778 -820 -657 -826 -976 -746 -954 82 729 -782 -655 -298 9 117 216 -861 113 814 899 -345 864 338 -16 -915 -190 264 779 -454 -940 -713 -659 -12 -598 718 775 558 702 271 -528 968 -51 106 618 834 -341 366 185 73 846 -327 693 -953 -147 11 984 94 -723 -448 -583 -417 -741 435 -788 -390 913 952 -395 -456 22 827 686 339 570 -381 589 61 971 882 470 656 -986 355 -621 937 -183 852 -30 124 -482 -937 -710 168 -172 105 -94 632 -926 -922 68 460 -412 -962 -267 123 476 -458 280 -312 45 -494 -729 778 -640 -514 -821 -66 966 -817 628 665 -170 -498 306 381 269 -763
[RUN #20 100 1]
-460 570 -327 322 709 796 -444 680 927 -579 -675 282 -599 -560 565 -872 -380 -132 71 381 148 850 -825 205 291 390 -276 573 -253 91 141 889 -657 -451 -915 -73 -704 -879 57 713 -865 504 -659 -417 -264 103 208 -471 -10 -346 527 458 -101 741 -299 221 676 -211 -145 695 551 352 -458 -222 428 407 -808 -291 -744 943 401 585 90 212 -156 -976 -600 -187 211 954 -723 -239 -136 -750 657 -761 -75 957 -143 -178 539 -466 102 809 727 503 -89 -49 -495 460
[RUN #21 5 1]
38 -588 15 -724 -787
[RUN #22 6 1]
-260 421 -549 264 -567 -683
[RUN #23 1 2]
923
718
[RUN #24 1 1]
-467
[RUN #25 1 1]
-360
[RUN #26 5 1]
-386 -320 710 995 824
[RUN #27 8 10]
761 668 -486 725 -703 -525 -689 -425
269 -639 460 -299 -242 375 703 -343
521 232 -66 -586 -357 -239 -655 -124
-333 135 -711 -508 -860 -336 -108 -667
186 744 414 558 610 652 -975 718
-165 -18 -634 -597 270 -122 -95 -424
-404 -74 -657 -314 580 -971 159 950
[RUN #28 8 10]
-252 973 410 589 -639 -728 -809 -638
196 887 383 635 898 -614 329 928
968 966 -104 433 793 800 765 484
253 -307 304 -733 433 419 61 -668
91 2 509 -511 -11 890 -915 -657
482 469 -832 915 -777 -6 986 -110
931 -390 -705 33 -313 587 684 464
-948 607 -794 867 -206 803 -224 436
-581 231 711 -983 267 220 -141 -114
971 -28 452 -520 94 -41 -303 490
[RUN #29 7 10]
-743 290 545 -246 -712 -422 -438
-772 -53 529 746 -566 196 -618
-877 -554 452 -149 -599 921 154
-842 577 255 531 -993 875 948
-248 -490 383 -312 -201 473 -834
118 871 780 -678 873 -375 -963
814 966 373 -906 -882 -360 210
-625 697 212 69 -114 491 28
-665 -992 882 378 -122 -331 -21
733 -80 -497 -661 -695 -556 265
[RUN #30 5 30]
-725 -138 26 -622 419
-842 350 -245 -53 441
329 -933 274 -474 702
482 898 506 -406 533
313 -74 774 511 -877
-163 354 824 65 -78
589 -363 204 -754 -577
-389 -876 490 -5 -58
625 188 -614 -120 602
-102 321 591 -400 -473
-72 168 -831 65 -20
-787 -656 -240 -487 468
-414 774 995 -848 199
-970 -678 -754 -793 -56
462 821 782 283 -516
13 -887 -617 622 -319
640 587 316 -507 155
-906 864 -996 -625 -37
-457 998 -782 -386 393
-697 810 -846 -988 546
251 594 -672 907 677
907 -847 953 801 -620
527 -718 -152 -76 743
-528 398 -935 -645 -671
-350 267 328 -246 725
-33 613 -96 -19 977
-368 -786 972 -33 -220
655 161 785 -182 -476
-20 -562 -374 -584 -241
-192 -802 723 524 -773
[RUN #31 5 40]
-154 -468 -207 787 -452
-48 -33 170 508 -205
-52 893 487 -294 -351
277 -883 796 828 -48
-908 408 458 752 -254
820 -798 845 287 -154
479 -899 -132 -240 -587
-336 -944 60 791 -843
-702 -709 -767 542 758
-909 676 -295 -855 627
-850 272 -474 -39 878
-484 704 590 189 -745
-997 259 926 -261 -71
747 786 617 710 -809
-855 -769 915 -459 -279
-234 -431 -828 -105 -977
-549 -333 -85 992 -688
-279 -134 662 -599 566
653 -23 -690 647 -542
670 769 250 678 -79
-359 -515 180 -473 -485
501 536 -681 287 134
-105 337 -951 -715 -861
-158 -644 80 751 910
-557 -938 392 -95 719
-161 358 807 105 -385
-820 728 716 714 -502
-882 707 750 -637 -501
689 -414 597 229 649
-594 993 -518 501 671
-652 -513 167 721 -818
816 608 411 -594 -255
991 914 929 50 614
725 -49 -182 913 -297
451 -588 267 406 -746
322 820 -520 578 -756
-775 -336 -568 599 -15
-71 818 368 9 -397
638 953 180 532 398
63 -294 556 110 346
[RUN #32 5 100]
206 -749 -485 -21 54
-57 -59 -445 -902 -174
422 -624 -326 760 -820
-552 402 751 -946 -525
-53 -985 263 565 -165
501 979 905 981 -469
-794 -196 174 659 123
144 -720 87 390 -608
327 -787 379 -167 704
696 -507 -372 -40 990
-416 -898 418 922 -961
-26 -988 504 -150 787
-121 -895 491 -345 -965
-72 -515 217 469 440
-12 -154 978 -158 -580
68 -231 -246 -738 -853
-338 -833 -850 -216 -667
144 -763 460 836 -887
199 356 -236 923 -182
-988 91 -586 27 -308
-976 732 -395 166 684
317 -141 534 677 -17
-60 -524 -994 -158 -489
-902 980 894 481 669
-720 -291 -934 528 -998
-59 -212 142 82 -533
-313 -262 -405 -319 -940
62 41 -970 35 -573
-637 -246 863 -323 111
-839 -140 -256 788 342
864 -179 154 -399 -236
364 -894 -18 -994 498
566 375 -297 -743 -4
-345 757 -159 -60 174
-748 -171 455 753 578
935 -93 214 -820 564
885 216 -881 180 -302
316 449 308 -863 -490
449 909 -616 -311 -336
-932 -135 -373 442 852
323 436 107 -727 108
776 52 -924 -994 -527
-998 -355 600 -861 614
-207 -92 913 138 449
-864 447 829 477 -1000
702 -748 -793 261 734
847 821 86 -250 737
-542 714 -356 -599 99
260 198 -408 715 226
-888 806 425 -592 467
-632 -490 471 329 767
-144 -985 192 257 -475
120 -744 -918 105 719
-750 -98 403 615 361
719 -118 -282 -446 181
-687 -751 -953 -904 81
-803 802 597 608 -230
899 -433 647 -290 -477
234 -507 -244 -853 367
-717 -380 100 -406 -990
-118 -784 -703 711 307
-105 146 -209 672 -232
731 111 694 -414 -832
-324 582 -930 -198 -554
-95 217 -861 -726 -956
-182 -712 303 711 239
64 -212 373 -542 -551
449 -92 844 -776 199
188 173 609 -723 -153
86 -888 -70 19 -125
-446 66 -144 289 -591
695 625 -710 99 -400
883 271 -367 820 730
-956 623 -5 457 -809
360 538 -508 -665 -889
-781 126 -118 728 376
47 875 113 720 693
-55 77 -101 539 -141
-121 478 -207 -661 102
556 902 390 116 -672
845 62 -301 -313 -605
853 600 870 269 295
-894 695 -343 -250 -89
-363 -541 -141 -300 -572
-949 -523 112 -633 -342
528 93 -87 409 246
-743 188 220 402 902
966 596 -999 580 -528
672 -933 404 38 -147
-305 459 -319 993 162
167 867 -391 -698 -250
746 424 966 -754 188
353 36 -89 -519 -434
358 -411 -404 792 713
-227 334 201 582 60
-937 -165 195 -163 -98
943 -301 936 -249 842
-696 -187 -646 865 -569
249 -518 -290 13 85
550 575 371 -673 -494
[RUN #33 9 1]
-274 -165 716 -374 699 -505 626 235 -358
[RUN #34 9 1]
197 -585 -37 -163 754 383 -454 761 876
[RUN #35 9 1]
-223 916 497 465 850 6 -649 774 385
[RUN #36 10 1]
-259 -174 -927 -71 -868 329 325 586 -453 -369
[RUN #37 10 1]
-799 -79 -184 -552 871 -682 -993 -372 288 -283
[RUN #38 9 1]
368 992 -330 -676 427 -972 434 -179 337
[RUN #39 8 1]
719 369 -373 789 -804 852 -4 -86
[RUN #40 16 1]
-852 -68 -746 668 -198 -98 504 -871 591 -357 -774 -896 522 -831 -994 383
[RUN #41 17 1]
-610 -326 157 -3 585 -491 441 58 -182 -181 -200 218 192 -381 -353 87 669
[RUN #42 17 1]
-539 657 -766 529 165 571 655 -37 151 824 -341 496 245 -557 -914 293 -109
[RUN #43 17 1]
-418 856 -953 -944 56 181 676 -780 -74 -22 595 715 -789 819 561 1 205
[RUN #44 16 1]
-985 -153 622 569 223 -510 994 163 -166 590 -97 -700 529 327 397 662
[RUN #45 16 1]
981 544 536 656 125 589 441 -974 -735 21 -870 481 322 999 120 -330
[RUN #46 500 1]
277 531 -902 -639 581 457 657 988 241 -766 419 970 -950 290 -750 966 -778 -313 -505 371 483 528 -898 410 761 527 40 815 388 213 -612 476 950 -340 -411 -804 872 806 -166 339 -215 297 218 298 769 -274 -975 -434 -715 -665 -384 196 510 516 295 882 430 -465 280 -164 652 55 291 238 -395 -238 333 898 -425 373 946 -918 358 -930 -346 -8 -447 661 255 -915 996 -29 859 -302 450 -532 -361 427 200 789 347 -609 573 30 -654 -982 812 886 176 469 -974 607 306 157 686 -312 -583 -100 931 33 72 391 -407 864 -87 253 -147 -514 796 926 248 -966 569 466 877 945 -848 -56 539 -118 865 908 -903 601 378 -59 575 -504 221 -701 -528 232 -862 558 305 955 -751 121 -22 -391 889 -226 361 676 808 -148 -849 468 928 497 422 894 875 -136 585 194 -972 501 883 84 -955 -350 -911 183 -512 -39 -4 3 301 36 52 407 -812 842 -664 154 -964 618 733 417 268 322 -225 124 750 -697 -301 -309 804 39 -325 -397 -747 -445 715 -872 -710 377 -298 981 713 741 44 -563 -486 -17 -888 138 980 -746 -92 553 587 31 -245 637 -589 106 653 794 752 -161 -219 -260 -32 -13 957 766 -170 216 -673 965 -857 609 -908 -204 -181 -450 -300 327 226 -986 -398 -780 828 592 -243 349 631 -726 -576 -647 -792 -349 -190 -901 -571 551 -405 -387 810 99 85 -438 -762 513 141 456 317 -686 -961 -358 -565 -326 -263 285 -406 48 -938 -552 -82 572 -221 -868 615 -809 351 -158 202 839 -67 728 -945 -446 32 -618 -192 -839 -693 -214 730 23 -34 -912 933 357 625 293 197 -864 -871 78 195 666 338 764 961 118 650 -782 -155 -560 -368 -632 696 184 671 576 159 -956 -216 -209 187 -698 264 -856 613 -137 665 -180 876 -95 907 -207 -168 -489 426 446 -380 -191 -870 -921 -853 -587 591 -527 646 795 -601 -661 -228 595 540 180 -33 -471 -760 917 589 747 433 326 -49 -283 -115 524 -31 495 -197 340 -162 888 130 29 -107 -993 977 136 499 -586 -656 -436 -130 584 -893 -498 -218 514 818 891 -829 473 42 643 -492 382 -69 -318 -850 -128 -669 -847 599 930 -41 -846 -5 -345 -896 -877 -6 431 222 313 89 228 860 986 -277 645 -624 -816 -144 623 235 -883 740 -240 143 -246 283 292 611 294 852 164 -535 -474 732 570 25 -231 -347 -449 639 -682 -503 673 -30 -264 325 504 -234 -54 904 -362 103 811 -935 -223 680 -549 -524 -523 -414 -267 -442 -942 905 -497 -649 -724 -581 711 211 168 951 323 -759 112
[RUN #47 500 1]
-264 -731 152 709 -315 -981 153 -778 -399 660 -380 -161 -607 -220 694 794 445 -623 504 -911 -219 862 -152 531 -262 869 342 833 831 770 975 -863 -273 197 -555 -965 752 31 -883 -730 666 -781 675 -67 -912 -364 206 475 681 -382 95 -797 780 138 -342 -252 -558 -482 -106 -330 350 -240 -318 133 -761 324 898 793 -114 -52 61 -717 -410 818 900 789 -452 -259 411 -466 -478 -990 933 810 64 29 -573 825 505 -413 845 134 -55 803 -344 -243 640 493 632 233 -533 943 93 -520 -238 -712 -949 150 -223 -770 -468 -577 -542 447 -357 -750 -397 -249 -597 -113 -760 203 179 -497 915 450 737 -906 -245 -552 -967 812 -877 -538 76 491 -285 759 246 -737 -36 -78 -48 701 866 693 835 -153 74 -39 -230 -711 123 434 155 937 -459 553 540 21 -21 -224 -971 327 861 -327 -721 685 763 -297 881 -437 -271 -571 878 208 462 713 -9 -660 -460 -272 -943 568 259 -822 437 707 16 100 -388 222 -802 -845 -108 291 -955 427 -867 262 670 116 -170 422 -298 -431 -118 582 -337 423 -563 -50 -583 891 263 459 563 -729 194 -927 -89 -765 24 12 -486 405 -693 -795 227 -204 621 813 3 611 -551 629 -387 -787 -936 -960 -561 377 -917 25 -275 -165 -386 848 -14 598 455 -425 -645 -29 -980 108 -428 471 -376 -889 -200 973 692 441 315 -51 145 948 625 855 734 -256 -814 -548 -702 785 -76 -15 589 -914 -879 811 -637 284 -722 180 -345 -107 743 858 238 -616 -509 317 -649 513 -578 304 607 749 -22 -839 -117 -301 -881 -62 942 -202 -775 644 -612 993 -809 157 -743 974 -359 -718 283 -951 -251 -389 754 -807 606 18 -156 988 299 -890 -411 228 652 -838 379 -600 -878 67 765 672 -174 332 215 42 604 829 902 66 418 330 229 -891 -485 217 647 349 889 360 -661 266 122 237 -594 -516 -771 78 390 -590 877 559 -24 -53 -142 -811 -683 124 -884 -457 634 587 -136 738 -970 995 -964 -267 -80 -767 -893 800 953 -336 430 853 592 -375 -785 -253 280 354 -850 432 -354 -656 192 285 -947 -353 -709 -916 -47 -976 706 -111 944 808 -857 4 751 876 255 -591 656 193 867 -634 571 -799 -270 -455 827 977 -347 458 335 -258 -615 468 373 922 577 521 -226 247 -773 -72 253 -356 583 9 485 249 515 -676 444 104 890 987 648 558 -179 542 51 823 269 -991 -481 -405 91 718 642 -502 -529 -910 502 86 -522 119 -963 286 -182 -534 764 223 11 44 535 292 -176 -480 -412 610 -666 -713 -304 -235 -697 -945 -465 742
[RUN #48 500 1]
863 -215 -702 -865 -733 415 798 -408 -112 -995 -590 854 -563 64 399 921 -671 -951 -738 -446 -772 -283 -349 -715 -42 586 -293 718 -732 360 915 -83 971 -490 141 372 -542 678 848 708 480 278 -470 -781 -845 745 466 948 390 223 -233 -243 976 669 -928 55 -748 -578 973 -379 840 -177 -443 759 375 603 -616 -581 -573 726 -33 -938 611 -607 -656 485 339 283 -173 657 -151 527 -360 -632 -931 -567 895 -890 103 232 273 442 -794 -239 -332 -49 791 984 272 189 -212 682 -61 -127 10 -220 38 336 -920 -933 716 -455 -866 906 245 388 21 -339 -657 665 -471 650 -796 470 160 -208 333 -696 -773 -802 -57 952 732 120 54 -922 -63 511 -905 823 -174 -229 -431 827 308 393 641 -458 -39 129 772 -621 -344 169 -778 101 -986 598 574 -821 923 551 -192 812 217 -451 -793 407 -211 414 935 -487 135 -780 -660 788 -618 -123 -790 933 -200 -409 -381 712 503 -97 563 -257 -604 144 -165 -248 220 416 89 742 60 342 373 -523 -415 -497 -439 541 32 997 705 -776 -340 -594 628 -923 -225 -852 324 -196 185 894 -954 231 582 702 91 -478 -428 496 -26 -809 472 454 -521 -851 36 792 -191 2 -913 584 -668 -769 883 -224 -258 379 131 -3 158 -826 -642 -566 -284 -64 -939 671 -481 539 -868 939 550 -235 -650 275 -140 -120 -902 605 -511 196 -640 694 -853 870 380 -29 864 85 6 348 -46 -152 369 615 75 290 832 693 720 453 958 130 -514 -82 809 -343 -347 646 -289 847 849 98 206 -533 -317 -547 -92 -885 -946 153 -183 -831 -970 988 -918 -695 483 -586 851 -749 789 317 -537 691 -645 492 -185 975 -962 692 793 447 -610 706 142 -574 285 -416 -493 570 297 -348 -450 -557 118 -67 149 213 182 -570 -552 -884 540 746 -15 -23 -405 -107 -202 -684 -857 -111 -124 -719 332 558 -948 -323 -298 251 -950 666 672 238 512 502 549 761 517 -963 475 -654 555 -726 301 304 363 -945 -535 566 765 -681 -754 -834 310 -592 63 818 -28 43 -355 -217 -113 -40 9 858 -361 -532 -864 42 490 47 -50 -501 -309 507 596 -312 -700 211 616 -333 -422 -210 -43 -58 -440 -51 734 -706 -1 -909 -96 53 -703 -530 204 161 -351 824 -717 210 250 -184 703 859 471 -79 -368 355 -369 518 -387 509 156 -878 143 569 177 731 402 -783 -791 762 576 -736 102 -273 -767 934 -750 944 -53 834 441 -168 -874 500 -721 -540 -584 93 690 887 733 96 -597 -279 239 262 866 -207 -572 -475 609 -314 -325 -556 -871 -382 533 216
[RUN #49 500 1]
-261 -955 -442 985 908 484 711 -728 289 -340 326 41 893 453 264 -213 -232 -131 654 680 -329 -977 387 -178 -675 -474 -783 363 -758 699 -421 945 552 -324 90 -967 738 676 -704 322 448 -74 -107 276 -238 109 201 1 63 -818 -452 704 749 333 146 -883 678 348 -15 -437 62 550 -829 -944 -712 -970 73 7 190 -283 -41 -477 96 542 -520 274 -752 208 318 200 853 153 -831 752 -368 798 -808 -517 -104 -267 -106 652 482 -583 -241 -20 -434 -856 -382 -975 545 -149 -126 250 -155 130 561 790 -404 -485 89 724 696 368 -353 -427 503 -507 -929 -830 574 -875 284 -495 -606 725 426 -764 684 462 362 -306 960 -858 888 933 15 877 -410 664 460 464 -838 915 619 -814 965 357 -605 978 694 129 -718 532 100 -518 -255 789 998 876 -402 -264 871 544 -88 846 560 -281 -389 -549 -105 -269 -54 -918 839 -242 541 812 -941 -244 -613 535 237 917 305 -133 555 -479 761 268 31 907 759 -460 -847 401 214 865 382 -46 628 53 564 -660 -246 -684 198 881 -596 -804 735 -357 -458 -182 174 -933 569 -558 831 -361 -809 40 -303 -128 878 -531 886 -910 -350 -527 718 -625 821 606 578 964 753 150 294 -90 -693 165 713 -164 277 492 120 -762 -487 -711 -125 -332 350 55 577 162 411 -206 -230 -784 805 -744 -750 -36 -948 -67 -958 612 374 85 -406 101 -12 -726 922 -497 -143 400 972 444 -300 -826 471 58 473 -464 551 -441 646 -956 872 -593 -979 -173 508 623 217 386 -288 470 955 -51 777 845 295 -291 533 417 -780 -239 273 72 799 -971 547 -11 -942 -294 760 -840 371 463 290 916 209 -204 988 615 218 875 773 536 328 -200 175 -6 352 -190 -369 -897 -243 -794 836 323 592 194 -523 -969 -917 758 -545 969 34 -162 899 549 301 -620 398 567 663 278 307 -654 -82 -480 -386 981 -688 632 -886 914 -256 -986 -240 436 -512 -985 616 317 124 309 -426 312 -699 -972 687 565 -891 -351 967 232 -13 -619 170 -547 -696 -292 770 341 -638 -492 602 -727 74 302 -473 313 -534 356 548 -499 636 -381 -866 -776 -265 61 993 932 765 139 133 -756 923 -97 576 -546 -247 -624 -937 568 -604 87 584 -87 764 511 -525 -250 -632 662 -92 -854 -69 66 21 -687 370 -502 -691 246 -834 -151 6 -736 -600 519 -896 784 128 -876 385 -855 -700 -137 -129 -18 -920 223 248 331 -730 -341 -176 688 -263 -428 221 266 721 451 950 -345 423 -158 -542 977 671 -597 -968 -124 -197 -5 310 -491 -236 730 440 -226
[RUN #50 100 1]
-588 -179 -861 390 726 734 -255 -519 -883 -338 814 -740 96 -400 294 134 -821 268 -637 -292 899 356 432 -885 -626 -283 -207 394 265 440 -361 614 165 -888 -603 881 495 -780 150 30 821 128 -673 88 118 953 627 289 189 354 -311 -551 226 -9 784 570 -775 -516 141 -193 -969 -570 795 20 660 154 745 -222 407 277 -802 633 -744 -998 451 400 -977 -702 76 -205 -447 -584 -761 382 -288 946 -42 -736 -142 -943 86 -771 525 918 626 429 -743 50 786 -368
[RUN #51 100 1]
-63 -29 990 944 695 -698 -830 -88 -359 -212 102 400 -753 -316 -132 311 -754 629 846 -162 -421 -799 9 862 -414 -34 552 485 837 424 0 387 -53 -35 297 -491 201 -46 -24 204 959 -948 289 86 900 -617 281 64 784 313 12 840 -507 735 -247 -232 -236 -61 -559 736 350 971 209 -365 -447 -311 -313 587 -889 -444 802 621 -199 451 -521 932 753 16 -625 -321 -998 936 -713 -633 -655 -453 -780 -936 -941 -367 -433 -131 -89 372 -789 -964 -840 100 470 264
[RUN #52 100 1]
142 -787 -856 594 -832 -169 -10 -623 -395 -666 -350 -205 -501 95 204 -266 653 -111 -218 -190 -755 701 404 553 928 -306 946 -163 619 128 -620 -722 340 -859 -239 -95 -596 -448 -552 274 163 492 328 887 -244 -11 233 -123 -766 -294 -836 -468 -944 114 283 391 826 171 -651 627 -504 -324 -429 -112 635 -330 -308 12 -508 -209 376 -136 28 363 -393 226 -227 -278 856 -619 -758 -465 247 853 -454 -19 -99 531 111 129 335 117 -374 -556 617 798 760 -698 925 549
[RUN #53 500 1]
122 -945 -832 -962 333 760 543 -844 -120 -359 955 -41 769 326 -781 98 673 610 997 -447 -377 505 -680 987 251 751 -509 608 -700 -117 -76 -183 -824 -767 138 293 346 -936 -470 806 534 -8 933 -171 894 -758 638 36 -382 -583 793 882 -6 -652 -526 623 -958 742 -616 93 981 -570 233 -843 514 -64 980 756 323 535 -422 -238 9 717 835 372 -606 734 -716 22 978 -121 296 -804 512 -248 387 452 486 -194 626 222 -784 -471 -473 690 -416 106 548 -331 462 393 572 37 856 697 892 -462 336 297 369 845 45 547 -116 -565 381 -925 -226 -36 956 810 -993 766 -940 942 276 67 695 -673 -523 -765 943 13 330 415 -301 150 -918 -241 43 -661 -989 -704 587 567 446 799 -334 967 51 600 282 -587 -99 -13 423 784 507 135 -148 -686 -326 71 515 -502 173 473 976 -588 373 -69 172 -953 -3 -340 120 -487 491 258 -785 -656 213 597 -297 384 923 -913 -992 -640 -555 -458 -341 867 -736 624 -946 -403 903 662 885 -253 768 -498 483 316 749 475 -231 -943 313 937 -854 743 -886 746 -659 129 -931 -774 88 -956 832 538 245 264 -955 331 740 -89 678 307 569 -688 494 525 -615 -490 669 822 781 424 185 726 153 -770 48 -445 -93 767 841 655 -690 154 57 342 609 706 -655 544 243 -161 855 -240 -4 -830 782 817 -874 -654 -243 891 674 -999 -237 906 -699 748 -191 558 203 310 858 -23 -353 183 174 -960 -968 -776 -441 139 -132 -249 -996 877 -541 896 679 -347 -22 989 367 667 -189 871 -574 477 328 -694 -404 -216 -125 -267 968 -98 80 -836 448 -338 361 -685 -291 -552 542 324 839 -801 812 443 995 -927 -397 21 -66 -486 -126 192 -718 716 329 719 919 -27 -164 -926 439 -325 437 -598 -342 -78 830 370 -48 -412 -280 614 -245 102 -515 -398 -192 -185 -88 -177 -289 50 657 -495 -677 -429 652 -590 620 -407 -613 -33 -281 849 -729 -305 890 191 128 -286 215 -489 -446 -30 502 -870 -777 -162 948 406 -221 490 -174 280 -166 -477 -442 658 -705 -212 -981 137 993 159 939 -428 -324 -637 362 163 -232 -762 223 220 -399 762 -500 -246 -899 -719 791 332 635 -566 -478 265 836 -779 -348 -96 -991 -278 144 -706 7 -790 -745 -387 828 -811 339 986 -139 -845 8 378 127 966 451 949 -390 484 -410 109 -764 941 -735 984 -835 -16 -419 411 546 113 -332 450 -782 -757 -712 171 392 -696 -984 605 -499 -524 -50 797 735 -122 -741 -905 991 -370 604 -60 318 286 -153 771 -10 613 715 -648
[RUN #54 500 2]
132 344 -155 698 -967 966 -453 801 39 488 -421 80 169 783 -402 845 -745 968 -824 -46 118 326 -413 -947 -939 -147 995 -611 -375 -919 871 -653 -760 440 682 -904 -289 -972 -551 183 -158 -978 -686 -371 466 371 49 733 -430 319 -493 611 -222 255 705 477 -633 -914 663 929 -297 -206 -549 807 -739 591 499 -991 252 -38 46 412 -428 -984 947 -809 872 -124 -156 840 434 -696 980 583 694 -122 695 -860 909 -508 347 -561 435 -586 372 369 -713 246 -181 -52 879 -898 535 -617 -381 -228 834 -793 876 833 868 406 -132 -279 -595 -372 490 -756 884 -102 -829 752 -641 -200 -164 -828 230 -92 708 -423 469 677 -138 89 986 -467 -908 -6 571 -445 -945 829 290 -813 102 -49 -687 243 -44 633 -300 124 67 443 -938 242 -971 -605 985 -447 -439 -461 -895 -690 442 520 464 112 -176 -501 -741 -119 -25 550 -851 -607 320 -794 -298 848 -367 -750 -281 258 346 818 -825 -500 -791 660 249 -524 830 -572 932 802 982 417 503 675 -253 771 -925 -725 411 915 -359 652 -603 -377 -324 -638 745 339 -417 342 -320 -590 517 168 -776 217 -865 -485 -183 -490 573 760 749 -202 -910 585 -711 917 281 -481 -886 135 -47 -796 -64 887 -578 305 -631 -804 -509 607 681 664 -85 341 561 -386 -816 -415 -128 450 276 -290 770 717 221 -449 -579 -525 -999 55 336 -695 -348 -531 389 877 -523 784 -244 780 437 -444 485 -79 -840 874 576 18 -296 -219 99 361 -534 831 10 -626 -859 -318 -361 856 365 -212 42 -951 -328 225 955 -313 635 853 920 -315 615 669 -129 390 -812 -115 -771 -209 -454 967 -943 993 -735 -16 439 111 294 86 -821 723 -274 -144 -566 608 -210 -288 -207 949 930 -294 473 901 -668 953 -577 -582 -198 416 924 -654 -833 843 -940 -455 333 -755 648 623 -594 78 -620 -420 621 -600 5 -311 -907 -826 -378 -140 -599 -931 357 626 -34 383 560 715 -610 738 -872 612 -927 -245 -319 408 -520 254 461 -892 -530 -390 -983 -875 -850 -777 -585 27 -969 -84 961 -339 -166 271 547 542 -136 861 952 60 -218 -846 6 -571 475 487 640 775 -798 -338 -667 815 -463 -773 -231 996 -103 -412 768 159 -669 127 -757 590 -992 155 222 -721 -105 592 -528 121 -527 -529 962 524 954 315 -960 -677 264 -849 293 -280 886 -505 -150 -302 405 797 791 -941 821 -781 289 -949 676 -254 -59 -962 -77 66 -806 -312 -589 -887 908 837 -258 3 -418 704 -977 391 208 335 846 -61 709 735 269 14 359 301 -217 -772 -201 -363 -118 -278
-824 402 -765 -185 -886 485 -833 -386 446 703 756 700 301 -756 -26 -273 238 373 420 782 -726 437 -992 72 919 -791 -939 -656 -909 -776 -232 738 75 726 973 -161 -897 -446 664 -667 655 -277 255 433 103 -407 312 445 -86 -910 -317 -303 540 -59 -750 -84 639 698 601 -485 -492 -366 922 162 -453 -96 -767 -998 -213 -712 607 895 -884 -878 264 -975 865 -533 304 440 831 -57 -338 -460 -74 474 -471 -435 -379 838 705 -581 988 784 903 -429 141 -90 -545 -437 423 -792 -657 -207 -139 -135 71 -696 934 863 22 -611 -620 945 -603 549 -617 -634 272 815 -427 -128 525 898 774 -892 -908 776 110 847 23 -324 -341 366 112 908 -119 237 -346 408 -843 -282 -195 333 -760 -512 -535 -352 638 -817 -502 666 -191 165 -373 -575 -342 21 818 -692 -98 590 529 913 -168 -770 -780 -120 -233 -995 -347 736 -989 -573 770 570 274 721 -673 9 43 979 -665 -678 -490 598 -147 226 901 -397 -413 710 -240 -415 463 -459 488 -473 489 -242 744 977 442 -735 170 381 96 65 608 -231 -275 244 339 -928 -424 781 452 201 855 -132 -333 -554 -264 -788 479 -326 175 361 -514 -624 888 -858 -289 -304 -11 28 383 -813 -764 653 526 -691 561 816 -812 707 538 269 -635 999 764 331 85 795 -348 270 2 -99 392 -802 -377 223 905 981 678 668 708 -740 -75 -828 92 -85 959 -43 -951 -33 681 -875 372 -310 789 -188 285 241 527 120 -3 -762 -743 629 504 530 900 133 -742 -622 632 -495 -467 -946 124 108 173 -29 -199 731 868 813 -730 114 -708 -532 257 680 12 -852 576 -900 548 820 -997 -406 -230 -940 -281 686 -244 -7 -175 -999 -149 483 -576 -896 -451 207 219 -563 -503 574 -493 -534 -34 649 253 -62 890 -129 -772 -596 -321 -39 618 -91 6 995 421 769 -93 -398 -196 74 -481 -32 -364 -921 321 -50 -964 998 -340 335 972 -103 766 283 -595 320 246 149 -719 -350 329 380 84 -243 -37 -425 -748 -863 599 -835 35 293 -935 -110 128 453 -127 473 876 16 409 -851 -627 723 -162 169 -544 49 947 424 -741 -866 603 87 -584 687 -867 642 648 -507 582 -797 772 80 914 171 45 -430 647 115 407 583 -547 907 -439 740 284 324 -737 -151 -25 577 -76 -707 -258 172 -420 -205 -311 -464 849 -974 490 -845 38 -713 557 -117 263 494 -583 477 806 658 482 262 793 -922 566 -380 -355 -883 -718 899 724 -653 -283 357 -919 691 -225 -849 -950 -47 994 937 250 441 195 -455 0 916 624 742 -925 -297 -848 436
[RUN #55 5 1]
-828 367 -900 -920 -490
[RUN #56 5 1]
-913 -608 -859 758 453
[RUN #57 5 10]
-875 -291 418 63 -70
48 -656 -873 45 820
-902 -978 500 445 700
882 -220 -650 605 863
688 830 -431 83 -144
-625 -948 -302 268 -205
-72 693 799 842 386
-300 929 -291 -731 -734
196 -196 -409 -499 -305
-426 330 637 779 -14
[RUN #58 500 1]
-605 708 615 -358 99 269 -767 -182 -23 -969 -823 -587 0 870 758 -472 783 -121 -132 -230 -798 -869 -606 -199 60 -408 -293 -545 238 842 312 -651 396 -83 -495 259 -149 -463 -745 638 -911 -303 -247 787 -705 -663 -31 388 464 192 -824 1 -667 -426 -452 17 -821 -964 -90 644 -947 -944 410 556 522 -983 -204 136 583 113 -194 -457 -897 -571 -428 310 -690 835 922 -263 -511 -214 632 -650 481 -751 954 94 272 92 364 651 949 463 462 14 -431 -955 373 -671 -499 687 -433 445 -403 -12 165 -664 -155 -703 -39 -410 -252 763 712 -337 -998 -189 -77 -872 329 126 -354 -103 722 359 -396 887 606 -660 524 805 178 803 -111 -338 -398 -930 581 286 528 -100 247 -50 -151 -268 371 174 491 741 989 226 -475 593 -158 -414 864 -892 -618 769 -417 -324 -468 550 657 322 -327 945 512 -574 925 385 505 -284 617 350 -273 -889 -307 250 -803 678 -277 -759 -56 380 -216 789 2 -813 340 86 725 508 459 775 534 680 627 -365 439 -500 -581 -203 277 431 -791 154 684 -119 148 185 18 211 -399 -674 360 625 998 -742 -128 -84 961 -196 -645 292 478 912 -316 -343 -846 -917 -302 -623 397 -857 -206 -10 -603 -181 -550 -76 -924 -420 577 159 -37 -600 179 96 -750 22 -122 -443 -2 -714 -952 146 915 -120 26 -778 -434 239 -951 532 756 -916 -340 -96 242 -141 -927 764 -632 -583 -445 -227 248 -841 -656 343 969 -42 266 -289 42 576 -75 880 -695 786 599 58 -598 529 -673 -661 485 538 -862 -147 -734 -643 -867 415 472 -514 -492 -904 55 -376 -937 765 -597 -842 -692 379 -406 -455 -768 -670 -707 -644 942 314 -561 -295 142 374 -309 127 692 821 -453 650 -625 935 596 -378 -646 -636 572 -85 209 -812 65 819 -543 -430 -477 -480 -311 -52 -200 -855 -502 637 -4 -353 128 -402 82 67 -462 510 -762 -858 -362 -259 131 797 778 530 264 921 -250 -388 -73 -915 -628 -988 199 -323 324 -635 -541 326 38 -218 -87 -447 -852 -461 554 -335 -476 135 -412 -568 724 -818 257 -290 -153 -129 850 812 -178 934 -222 -260 112 -919 -313 107 -584 -754 594 -727 -322 -666 123 -748 911 939 643 328 -291 428 904 895 -449 948 -850 900 -188 -552 -732 -718 -382 -582 777 -310 -70 798 -743 236 816 3 -739 435 -755 81 -566 -721 453 -328 72 681 -366 457 973 -542 -649 295 477 315 968 862 -46 -249 -881 986 289 -548 -726 -213 -146 293 85 -318 -642 -101 676 648 -981 -866 263 553 820 -344 652 480 -41 -240 -14 334 -825 -242
[RUN #59 700 1]
-435 190 399 760 785 -954 -526 168 -895 -361 129 -38 -741 -858 235 27 605 -95 934 677 -104 509 -300 6 155 -487 520 265 -694 -352 -525 -148 617 -825 814 -550 824 -254 -343 -128 -265 -56 80 485 133 -357 287 -800 -794 927 783 -41 135 -573 -328 401 359 183 543 -966 -460 746 -565 -674 -733 -466 701 932 -704 -822 -52 870 -412 -488 -251 -892 97 -881 2 57 -527 640 717 -785 261 92 -787 -231 985 872 367 314 655 474 -362 680 -374 165 237 -342 924 -938 -611 361 305 415 -277 -641 141 -123 -530 -48 -791 -8 -667 -605 -750 790 465 847 -666 -898 358 -309 -252 972 -409 281 -318 -993 -223 661 699 -450 260 73 885 378 -661 240 888 -681 961 362 889 -453 -564 -918 -910 827 -686 -586 -490 22 -110 189 939 -493 140 -860 -154 -379 34 -545 -42 419 698 835 -266 -43 -321 444 -949 331 -831 -339 804 -147 946 292 668 -447 153 166 -111 608 -979 -236 -956 -235 -382 -377 -360 -841 -515 -685 -547 918 -287 630 -810 301 343 -204 -870 864 598 -376 142 513 -676 -840 -39 347 -269 174 435 -411 400 857 537 -327 117 -484 -1000 -571 23 -197 732 -263 -427 803 -264 -901 -99 -513 161 -689 -537 676 280 986 876 -494 -205 130 900 943 817 104 -734 882 252 -150 -562 -613 -187 -588 300 193 407 -814 -249 -134 -798 -390 547 126 -975 -63 -561 649 483 381 -422 -64 497 -793 573 583 -143 879 439 -188 -630 -911 480 -964 203 -937 541 937 -939 -83 -971 893 -114 -574 -864 -640 501 -665 674 425 551 -12 232 -648 719 -230 843 970 881 101 -659 -945 -890 769 420 -423 901 283 949 196 614 -55 -312 -872 82 398 -399 561 -260 846 -761 -820 747 -383 619 508 -680 626 404 -792 -69 -419 -115 921 -915 353 -555 -289 797 973 -127 -324 169 -191 -602 152 110 17 -610 498 -341 899 462 239 -465 -635 -331 -118 -678 -386 186 218 679 -372 295 -709 -135 984 60 -472 -255 106 -416 -87 86 667 693 862 363 -615 100 506 954 -592 867 -766 -957 -330 590 -259 -707 364 831 -308 136 574 665 752 -920 87 -819 -922 372 743 -171 871 -679 -222 418 -998 793 873 -180 -932 -132 -722 526 894 618 -946 -978 -364 -282 172 -891 -838 -904 72 -851 -507 105 -853 -959 278 402 -286 -536 -329 272 -614 65 745 696 653 -976 774 840 -207 96 -627 -403 -385 -942 375 -354 -292 580 -668 -541 -238 548 768 -213 -430 162 -965 -505 795 644 70 -585 -697 807 -94 316 -980 -755 -240 -987 236 376 -695 645 -16 -233 154 330 -4 -70 -482 -400 184 20 702 925 971 -424 -25 385 -444 -275 -167 158 728 896 -440 -888 622 -133 620 -469 -323 -582 170 482 14 290 -245 -200 947 -519 812 -72 -298 -109 -642 -535 623 -867 -553 -631 -433 143 -142 -232 773 332 -736 -397 490 -857 220 -202 247 -524 -933 -985 929 593 798 942 -600 671 11 -310 -395 -715 -241 -365 149 99 923 -744 715 735 -267 -653 690 647 704 -583 -836 -712 983 -448 75 41 -767 -570 801 527 -528 -93 -727 223 4 -176 56 -687 459 567 379 -34 -186 50 98 -215 771 -44 -632 -638 -823 911 464 39 262 -165 -181 3 150 -790 312 -307 -751 582 -802 453 958 -239 163 -559 706 639 188 -598 -214 -621 351 -713 393 -566 -27 -144 -811 36 -894 761 383 384 -394 818 884 -806 466 -113 628 28 625 859 -554 675 1 258 267 349 -345 -33 342 -654 -879 -334 128 569 -623 410 -967 -765 -584 -512 -164 627 759 634 813 -981 9 -629 977 -775 127 306 296 484 25 531 754
[RUN #60 100 1]
-532 117 870 595 218 298 -887 -839 -213 -875 -648 -230 240 -324 695 877 175 548 -390 817 -121 643 -151 -834 -693 -82 -817 597 441 33 -928 -407 450 -586 -211 401 -358 -452 206 -716 -115 112 453 569 -994 579 -607 -66 -832 395 -222 -794 645 314 18 625 90 -185 -553 359 945 779 -652 65 -254 -477 565 765 195 585 230 -852 689 -90 700 -823 -118 91 -394 -113 -809 -159 891 368 427 309 -181 -149 229 -499 -947 -465 -389 724 64 596 -748 367 -992 -507
[RUN #61 500 3]
-40 -670 -397 950 723 777 6 -721 -278 585 159 15 899 939 -302 -64 7 290 387 -35 -169 470 785 -364 121 -134 337 580 -374 -15 322 -984 2 -418 -218 582 -47 273 769 795 -156 -474 -88 -121 -4 -460 918 478 564 114 106 -387 -198 100 -373 405 -240 646 350 733 -415 399 -525 -406 -911 505 -907 -143 966 748 153 961 655 -431 -263 -257 -221 -754 151 29 674 22 -402 -289 -403 172 -129 730 -881 759 -509 828 -72 -967 299 -137 885 -694 -208 477 -673 -291 519 -286 -814 808 298 -943 652 853 656 579 -352 -937 -216 43 -440 70 -597 -787 37 -565 -258 518 -810 663 825 425 -293 -212 -393 35 909 876 764 126 -372 896 857 235 104 635 -441 495 -935 -201 -923 -272 695 626 -438 451 132 576 979 -894 682 429 829 699 -939 -855 -516 -322 269 138 -921 210 -537 -914 38 254 -155 928 -54 164 -468 -514 791 832 804 323 392 -450 720 -551 -847 -344 -527 -699 -951 -447 180 363 211 -744 102 -100 502 -767 16 -276 841 -581 448 801 98 438 -656 -369 386 -219 -942 -892 -287 870 937 8 131 -413 -479 668 -395 -806 -797 838 689 -345 -875 998 512 744 -738 753 827 -840 -589 637 -464 550 -66 59 -617 -616 -611 -243 -455 560 227 866 -941 -227 397 -736 -320 -411 -223 -657 -745 156 643 -844 432 -938 -63 836 456 -380 -91 33 400 -180 -574 223 381 915 948 631 -199 107 293 -487 446 -920 -637 -339 442 196 993 -123 932 194 480 166 374 -191 496 -834 -98 -996 709 -888 891 835 -751 -81 -461 -60 373 97 50 858 291 -414 -962 -282 -548 -598 -603 977 605 -262 -998 988 -934 4 -366 -645 -969 -946 746 160 -784 969 487 330 443 27 657 -340 34 -612 506 336 -696 206 -854 253 -329 -884 956 837 -775 152 611 606 -682 -730 484 457 -714 356 725 -524 316 466 542 190 247 72 -541 135 86 574 -878 463 -70 -368 -20 816 868 -959 -494 -236 295 -864 935 -265 435 62 -816 951 -788 -846 390 -343 805 -235 -818 -755 124 790 -733 280 529 -94 892 -50 -558 123 128 -918 -604 54 -827 686 -144 -194 111 -610 362 -955 661 539 468 665 875 830 -65 735 -420 520 782 -125 345 586 679 792 -774 -122 524 -534 219 -382 990 238 -252 243 74 773 521 947 523 900 445 -693 307 -118 -308 -111 274 -365 -398 633 -642 -452 -430 -326 -897 -232 297 -577 229 -970 52 -792 618 -381 118 237 758 41 846 -952 -899 368 -903 -713 -735 -127 354 541 -75 -234 600 -296 285 -225 823 -178
375 -271 432 145 542 -449 -44 -577 -774 -659 -150 -804 -996 481 639 795 399 -999 -54 935 623 -264 618 813 511 -255 606 -457 -954 -348 -846 403 -632 238 -90 633 249 850 -949 251 -929 -970 -406 -190 -906 874 -380 -848 191 -13 -192 400 879 -458 126 -701 -621 -400 166 516 -521 -891 740 -313 284 -721 -377 42 -956 95 546 -123 -20 79 349 -460 -445 -29 -609 693 590 -506 241 985 45 448 -814 622 -838 -37 -391 949 701 239 658 807 -714 708 184 -923 -769 -761 -364 601 842 366 298 -782 -49 163 -732 -849 752 -712 864 853 -852 621 -696 459 81 -69 -462 307 -432 -662 780 762 643 -267 777 -166 -725 262 342 65 164 52 -677 72 -718 -881 -110 559 862 76 657 248 -537 -177 522 786 82 520 -491 233 -139 346 -638 -411 806 -789 818 118 -280 -505 667 -950 491 755 -217 543 -115 886 90 220 14 229 899 -569 -39 963 -301 194 -700 -895 -702 894 -952 410 748 580 698 -961 619 -944 -349 -573 -593 19 -395 -361 257 -98 -583 908 363 367 -341 771 510 406 732 760 -242 247 -25 534 -303 -75 -932 -791 -807 -750 -314 278 -784 -224 -796 -30 -275 -502 -429 -709 734 926 950 775 106 506 -549 -827 -742 333 776 268 790 8 498 339 888 -2 -694 -601 -201 957 837 212 836 428 313 -845 417 -910 -622 611 -926 102 464 -4 794 168 -943 -925 -746 260 230 421 -683 -151 942 146 -65 -724 345 -412 -354 -70 -471 246 115 139 274 308 -587 878 772 -120 -921 273 -419 809 43 -661 -902 -481 -678 217 -955 764 -523 350 -620 939 -899 -551 5 -84 386 729 104 -129 -739 -63 -509 704 979 999 -802 -116 684 597 -992 613 325 -210 861 151 654 -745 962 -277 -986 443 895 -897 -250 -697 761 773 -202 -376 -27 408 -339 142 470 584 540 502 385 34 11 -403 -618 -495 749 -835 -80 492 482 -282 -641 604 -146 -89 -805 87 200 -252 -102 -281 -33 -770 -325 -991 634 -221 917 747 196 -893 -214 675 -915 -71 -995 335 -787 431 -691 -884 681 73 56 319 860 555 -181 -736 -942 -323 55 579 865 -23 -141 462 198 134 422 63 -830 214 -438 -334 710 -468 -124 221 -399 645 327 -812 615 -927 994 565 -232 112 320 58 -855 -617 -713 103 18 402 -503 -382 37 662 -665 -1 690 1 -759 -148 310 261 577 -140 264 125 -414 -466 825 961 -611 177 -51 -41 826 521 197 440 -34 370 525 799 -357 909 -230 -187 -14 -803 -319 -726 -575 656 415 -440 -566 -409 677 -763 283 -889 -3 620
528 -574 -228 -718 557 -807 -451 -515 -827 -808 689 -576 -18 697 -254 36 428 235 -572 -318 710 -390 -805 913 610 -641 93 -166 -156 -978 -951 -61 527 779 -942 -247 582 179 -64 -432 -196 531 -906 883 -519 892 676 996 81 -632 -597 -832 -494 797 -740 -13 939 -110 12 -234 -359 -825 -266 326 646 -221 -634 936 382 -358 -838 160 -649 -244 581 -724 238 229 -67 48 517 -375 -163 467 -388 456 -177 199 562 390 -782 -972 -140 -238 -385 849 -357 -504 -74 -787 -320 915 -534 -348 614 49 638 674 -657 -655 699 54 -859 -301 -751 -750 860 735 -698 -761 -31 296 -220 571 781 724 -409 -983 -516 -564 667 830 -774 240 841 906 -306 -43 166 -777 889 656 931 -566 583 657 -305 -482 210 -695 -813 613 -60 -891 372 -462 248 -974 -310 -590 309 395 832 375 -117 478 4 -304 -729 -510 401 -770 262 -394 -500 51 325 -577 690 -785 432 868 -836 -165 -957 113 -924 663 -26 -788 745 -604 979 -498 -781 495 -386 -119 -747 -468 421 -733 -353 -426 753 14 -30 522 787 -319 -921 953 -598 -162 -643 929 621 547 145 -142 288 -726 -36 -55 878 -941 29 828 719 23 576 542 150 749 672 443 426 -887 -968 -372 507 249 -981 816 -710 -274 270 -157 -555 943 207 293 592 926 820 62 -762 -713 -7 -558 666 930 510 637 945 -506 -918 -130 412 374 -883 -926 -878 -185 219 -849 74 -744 -618 588 208 -811 831 -976 -256 336 -384 660 -680 714 -628 -715 -253 402 417 124 616 -888 465 752 -41 780 315 -428 -352 -180 763 -982 -416 -722 833 633 106 -857 -757 839 486 895 956 -638 41 -75 -183 -199 168 135 861 586 -893 -84 167 744 430 -749 -520 -118 570 651 618 -872 -674 993 362 396 792 556 -351 461 842 879 490 766 188 534 934 -977 -727 -147 536 46 818 485 922 -442 -936 -271 -644 111 464 821 -631 499 896 546 -702 493 634 602 -939 143 332 -270 668 685 265 -439 799 278 -466 992 -860 27 -701 -546 -947 -144 -801 457 877 -923 597 -422 859 319 -992 190 -897 -461 -472 -469 -452 -378 617 800 -71 -127 -989 267 940 221 664 290 -493 -658 -445 216 550 -272 815 141 505 837 60 784 969 903 220 59 -815 552 -129 584 729 -194 419 520 688 -133 -919 -58 564 -845 769 -111 -334 78 972 -100 -571 840 -765 -125 -779 959 991 -286 289 -514 648 -599 121 365 -679 -607 -213 -874 914 -391 997 132 783 298 772 -339 -910 -193 -14 -335 391 -19 -527 -673 330 -588 -856 -219 86 756 967 933
[RUN #62 500 3]
-733 834 94 -205 789 88 705 -634 -118 166 939 -681 -234 -499 -232 -550 47 357 941 -998 -285 662 -688 97 839 -446 553 -99 -912 -7 -214 -439 -412 -106 499 -662 -597 -476 856 -455 342 933 307 -97 719 375 114 637 679 -847 866 225 -826 -649 -772 -92 -516 601 -690 575 -592 441 -647 -890 734 -668 -261 701 466 -426 -762 -444 -598 35 -81 -934 -287 239 69 -507 -4 -375 503 -868 446 -593 -374 502 -657 255 -522 -706 -201 -865 872 353 32 -181 -704 524 -640 644 390 926 23 984 -37 141 -301 730 801 -45 652 73 36 788 217 -175 -574 148 -540 -488 291 96 -377 648 732 -424 -984 306 -875 -155 -587 960 215 -126 -734 380 316 19 443 317 -122 583 822 362 146 -792 -116 890 771 -608 -679 -844 -474 -899 927 -108 983 -67 81 -169 874 -859 987 -810 381 603 -961 -257 779 915 767 -197 -891 175 -812 848 -265 -161 -814 -370 958 -740 862 -909 -117 -905 -487 301 77 -785 -886 -518 -430 833 888 -756 145 -128 -624 -203 270 -252 160 385 713 -636 687 -22 -517 14 -800 -268 -44 -787 -917 -135 235 -596 656 379 -65 -548 -33 538 -438 970 305 -514 391 404 744 -719 -168 218 721 498 -539 -271 -299 617 177 -245 -904 -947 -334 135 220 -328 -831 542 37 281 450 625 -631 -24 -224 -919 964 341 -177 464 963 51 -105 738 685 -51 471 386 425 -72 -903 -390 -881 -994 995 -216 247 -166 657 -372 169 -186 -676 117 832 490 -386 -635 423 621 -505 -188 292 957 -687 612 -64 994 -902 -789 79 991 -776 736 785 -914 483 -453 253 31 -389 -87 590 -417 421 335 -486 -408 814 40 91 -469 493 725 -771 -399 -900 203 -388 633 -183 -209 897 -872 -569 -70 -337 -580 -297 931 -468 -578 488 115 728 -751 6 962 66 260 758 858 999 274 411 513 -515 609 574 -494 -930 -344 630 -243 -887 -143 194 243 -279 -985 109 -207 46 -212 -170 -362 -962 870 -702 -746 -253 825 509 599 -677 99 -229 594 -573 815 883 -506 59 521 -336 -591 681 -788 976 435 -180 803 -778 -421 -213 -724 -832 -921 90 -601 -986 949 -228 256 -910 -562 696 -793 -975 692 497 -992 525 -780 298 -50 -43 932 -349 -383 -923 -547 323 -699 -944 -137 504 529 756 0 140 586 -21 33 655 956 703 582 -744 886 -198 943 -757 -470 155 126 -441 -755 246 -130 -36 516 -620 543 -6 555 12 313 879 294 347 484 196 647 -15 877 458 791 -897 75 -142 -543 666 -276 416 374 510 996 -255 -669 -730 398 5 42 -502 485
-659 -719 917 295 440 -155 146 -806 -409 825 -374 -881 225 868 -757 -795 -665 -523 216 -53 -838 -976 909 573 -221 172 -262 -800 -638 561 762 -582 446 974 630 270 -168 -592 -850 -836 206 -389 -766 -394 -909 -737 -819 -214 330 -157 649 -460 -423 -275 90 -571 245 824 382 -855 -368 -110 -117 743 20 838 -194 -980 888 -301 -923 541 -379 495 -761 434 -257 -235 356 -402 390 -919 -968 -693 458 509 -482 653 189 523 -435 -259 -663 589 -741 -974 521 171 859 919 -351 143 243 -188 -6 -653 489 -924 442 -615 -510 318 -111 929 955 342 -477 -307 612 114 -977 -312 515 781 303 -151 -939 795 -142 507 17 -457 -586 -189 -522 -272 568 81 149 735 -946 -822 -419 -769 -123 203 -950 369 -298 35 -236 584 -187 528 488 -532 553 834 802 -614 -25 -503 -961 -706 87 -563 714 673 527 -840 -645 953 -128 -841 848 703 511 419 -378 537 -385 658 98 996 -874 -1000 -149 -578 554 -964 956 -213 -469 -862 -557 918 718 276 -63 -415 -451 -831 -218 244 -704 961 -88 264 -853 -895 -338 -404 152 857 158 -384 -290 -299 855 -164 -672 -343 309 -906 739 -273 -295 981 278 52 -114 75 -231 69 -80 118 -348 413 -8 329 -466 -459 -916 496 -867 29 -369 242 -662 -314 211 438 -484 -81 619 849 -199 -712 -491 520 -661 -560 965 -124 -210 -574 808 963 -765 36 -60 -286 -876 -509 959 113 756 678 923 -487 -708 -803 353 -690 312 28 37 -101 -789 -713 469 -69 895 -700 902 -972 -938 766 -171 -79 548 -969 948 -48 -416 -985 826 -511 914 646 -137 -520 345 43 -931 -888 936 -657 -556 851 360 420 -519 93 904 477 -226 -843 843 -109 2 540 -141 327 -542 285 -943 591 972 -396 -122 566 -598 322 355 371 251 688 -949 324 -234 -702 57 -777 -824 439 -102 655 -640 -36 -987 272 -271 30 -921 361 -366 880 814 -646 352 296 401 670 -316 -816 -180 791 613 -471 -160 -334 -780 -344 957 -670 374 -24 -548 214 222 454 -383 -59 -507 141 217 -727 493 -263 -475 24 900 -669 426 -49 -306 878 884 -579 273 614 -920 -135 993 -362 -436 -679 271 716 56 -464 -910 681 335 53 669 445 -133 -433 -617 -758 -857 -289 -762 -618 757 835 288 85 774 -875 428 -734 691 755 677 -14 260 165 997 -291 836 -940 -600 -266 -321 9 32 656 -354 26 -688 705 -386 166 -152 123 350 267 424 -846 -788 465 -575 191 -191 811 126 25 -297 -292 -204 557 -620 745 748 -332 786 -883 -323 256 320 279 314 767 237 213 850 -281
366 934 88 -873 661 261 -163 -259 -86 694 64 556 -516 -854 -33 -546 -753 -189 -851 83 543 54 -231 -506 166 532 -72 -305 -606 791 268 38 -789 -795 -680 -998 494 407 -841 340 136 495 175 640 -879 -933 173 -494 -136 -807 -102 305 -248 78 74 -534 584 -548 -146 391 372 -615 -820 -279 280 -939 669 142 392 -760 615 -359 -943 -380 -643 -271 5 478 -847 -633 568 45 19 -498 240 923 -513 -838 733 967 -474 541 688 679 -319 -653 373 904 301 -28 -391 638 -886 -522 415 -817 248 -455 698 398 -581 -349 -460 -469 -154 -874 884 -871 -782 -344 256 -318 -372 -382 605 -456 -965 847 304 534 -532 388 42 852 254 -115 394 -905 544 922 215 35 -514 -268 -246 -451 771 230 757 761 194 -861 -904 483 79 965 -954 -946 680 -107 -579 383 -426 -952 -49 97 616 -594 -519 405 867 -464 610 -26 -428 766 -572 189 -64 827 -440 -540 -299 39 -713 128 948 878 422 -558 -473 437 -379 -727 -253 -119 955 -420 -981 500 -81 -203 -953 522 456 -796 821 -58 -859 639 -370 810 -783 56 784 -61 355 -719 -44 -732 -813 -18 -747 -700 -364 -563 -151 -788 114 -363 -617 -448 -736 -210 49 416 4 -155 250 -853 -599 -173 432 -37 -167 -398 135 -787 -762 -607 -431 920 448 -321 -510 -778 480 -376 279 570 -472 -647 140 -846 -928 455 -628 973 -295 -769 897 528 430 501 990 311 -651 -335 48 -927 -223 697 263 -137 -312 -322 -626 774 -754 462 809 815 -553 41 473 -350 -208 439 10 401 -82 -977 840 -560 650 -974 453 -482 246 -311 -439 833 402 -7 107 -93 850 362 479 -386 62 -997 951 630 764 -179 162 278 253 113 -836 -272 868 3 -694 525 609 835 186 458 202 -630 -15 890 853 -337 -999 -286 974 -309 -340 -128 512 -357 -331 -751 550 619 -868 -38 685 -465 -786 -693 -284 -839 160 203 440 80 274 -459 -117 -487 378 491 -441 -894 -10 -255 -749 915 980 622 -147 747 945 115 727 -885 -197 -14 -269 -127 287 808 102 -463 -323 206 389 993 891 -9 537 637 -125 726 -845 -757 632 450 -96 905 164 -695 -969 -908 749 -738 -987 770 -793 -84 -993 76 112 670 -207 604 674 -634 -830 -882 -995 -667 211 793 -55 -446 722 -450 -432 428 0 -466 709 -652 -662 221 460 899 -803 22 -515 -149 -848 708 -254 44 -412 385 652 -52 -574 -313 683 -770 607 -936 347 -181 -842 975 143 -143 -100 -688 703 -896 -46 -3 -826 734 814 -577 -542 -649 -171 -245 220 -56 37 656 737 224 978 2 612 -620
[RUN #63 500 1]
-656 363 -81 -724 177 -978 722 545 961 608 -2 731 -636 -259 -345 741 467 752 -808 746 -621 -336 883 348 294 766 -649 43 -365 786 -510 -985 197 224 240 318 680 892 897 -163 29 -964 789 -372 598 -797 -792 -698 -235 412 101 -628 145 -416 -485 -487 -110 13 592 -60 -654 472 -770 -125 -838 799 672 851 161 -909 -66 965 881 -399 325 -814 -614 -90 149 -410 -667 -799 -828 804 492 288 395 494 26 11 -452 239 840 61 -529 760 -233 516 -44 330 302 -400 530 -562 -51 293 -623 -924 689 601 -912 -99 -472 -692 -572 -500 -648 390 461 -791 -369 373 772 -187 -180 867 94 309 877 421 -501 -875 -772 -545 484 77 -932 -328 -512 751 -319 509 -96 -552 -290 -480 255 74 744 946 -18 681 -149 -847 -107 -632 -87 716 -902 617 816 -220 777 -189 344 -458 -919 637 407 454 -511 -925 -858 -693 -863 -534 317 147 81 338 333 -135 -455 -604 -587 -215 808 183 920 -181 60 -316 866 249 843 921 -1000 955 -4 -611 873 536 -971 -307 -976 285 -930 -397 269 781 50 -736 244 -21 418 -566 -784 -593 695 952 669 -567 -76 620 940 -414 966 438 -371 -479 213 -368 768 360 -398 510 -424 234 -280 156 -589 -905 -378 611 447 943 -853 -943 -209 659 343 -610 -116 142 -459 720 503 910 38 -300 -26 648 -963 76 191 136 -269 -338 -257 160 236 507 833 797 -105 416 -202 706 -24 -650 153 315 308 -508 595 819 420 -627 754 533 -386 377 481 -238 -569 -337 514 976 794 4 670 499 391 68 -606 557 -17 -662 -443 -600 -950 -50 -272 -57 -817 192 -599 -987 -771 102 -753 -204 822 141 -759 -334 992 928 -576 -226 679 -876 28 280 -141 685 621 -460 671 541 686 -308 985 -745 -227 -142 -59 181 -440 -214 488 713 630 -731 18 433 -111 265 625 -255 665 389 -651 -339 -426 0 79 -670 -802 548 -484 948 -221 -786 542 -801 -325 570 705 -774 -779 771 -49 -810 334 157 820 -138 -377 232 -156 -405 -789 410 -93 85 -846 836 479 491 -37 -859 856 -429 -179 -663 -873 805 664 522 -590 -947 24 963 477 587 979 -333 558 -740 616 586 -489 382 -380 -743 -525 -360 730 434 -713 647 -831 292 256 547 478 19 -937 875 845 -453 187 429 414 235 573 -322 115 518 -527 869 326 496 426 -956 -297 -474 231 956 460 -578 982 -880 -502 -613 -188 -92 398 3 -357 -354 938 848 -571 254 408 198 130 -584 362 -565 56 -980 39 -463 661 274 185 650 422 762 -800 246 880 229 -283 924 392 -697
[RUN #64 500 1]
765 -265 -425 916 -470 -672 -24 -714 689 -770 335 328 -45 23 -251 -271 -730 -119 57 413 560 897 989 473 256 279 -281 -819 74 -897 162 -764 700 -946 -544 662 918 -825 295 -976 -204 909 -382 -506 -892 929 -428 -596 -173 116 643 120 -683 572 13 -105 269 -270 819 863 -407 469 186 -48 599 -799 392 217 -350 -162 246 -335 -684 387 969 -254 658 793 812 859 943 747 718 -334 51 -614 -13 713 -942 -985 237 913 -751 742 798 131 386 736 -733 -20 -763 350 -138 -868 314 611 739 767 -319 389 -636 -561 -585 517 -855 -722 -432 -12 252 -516 91 107 -123 -158 7 -97 -109 853 624 -440 -44 813 738 -451 -846 -148 701 -101 790 75 -110 216 737 815 -328 112 -100 -146 -834 470 330 -601 506 -837 371 -867 -277 -674 535 -929 610 -613 -174 44 234 -903 61 -333 77 -629 -530 -681 236 800 306 433 -634 -734 582 -795 -445 -953 -85 587 3 177 778 201 653 409 -780 -340 -671 896 361 -518 -416 -589 384 -512 -989 -498 683 -282 2 -502 -910 320 -917 944 -375 -472 342 -261 160 868 754 -931 634 -258 -850 919 981 -504 -507 966 -427 55 877 -378 -871 126 432 -191 339 -686 531 695 703 453 -207 307 15 947 586 5 -699 97 -528 -587 109 -818 -77 -412 460 -305 575 568 -856 32 -438 -972 -78 -969 -336 -157 -582 -673 702 -232 411 600 -82 -963 636 -240 -689 604 -655 189 92 439 -257 -75 649 138 -309 -759 351 442 -944 955 -2 373 848 -918 -940 -692 -896 -127 472 632 -664 -25 -290 -749 530 463 942 -351 -928 -42 563 -231 641 85 899 -773 -758 225 903 657 -405 -735 -274 878 -695 524 627 651 -403 866 272 782 -767 971 -395 -900 -559 -688 -366 799 -297 -151 -553 715 -866 744 334 -902 -176 766 -196 -930 194 484 515 157 -781 399 221 -154 -646 -474 -347 49 995 -500 712 404 902 890 105 398 -505 860 -760 -287 707 -478 -974 -463 507 -34 -849 143 -524 -823 449 477 -315 628 -955 -143 -835 -102 370 -318 58 -956 474 -369 299 -216 169 -180 -554 -766 724 -904 90 758 -620 284 590 274 -840 -352 580 -63 847 -124 -295 -422 478 -285 304 -571 -413 67 959 -98 365 940 -171 -252 -346 410 692 -444 188 -452 -523 906 -499 -642 150 346 247 -481 -226 838 -981 198 -711 771 -492 956 818 -9 -666 -304 -419 336 -374 -913 -245 -224 -687 443 990 -50 -286 950 211 -199 224 -239 -330 -68 -220 -569 565 416 606 -19 -243 230 -150 -534 656 540 405 663 288 446 539 -363 -461 645
[RUN #65 500 1]
41 968 -43 -286 -544 -699 -601 121 807 5 -652 607 -108 -450 559 -125 549 -692 -642 -805 497 875 -10 590 437 -46 -168 -77 -413 792 -504 649 450 -42 976 -223 -594 620 78 566 -101 -523 -240 852 -703 -388 -506 -764 -629 -801 890 742 301 168 88 144 912 613 -79 -810 -841 885 -653 -322 -73 959 946 -859 -161 -475 -192 376 249 -888 918 -407 965 -311 -628 -644 -329 234 -520 619 -528 -120 343 114 -852 -401 730 -369 -858 966 648 -514 -586 -262 -999 493 837 128 -876 25 317 719 532 -219 858 987 -831 496 -881 960 -531 -579 354 318 535 -637 127 688 -234 -570 327 430 884 -502 291 -541 957 -402 791 413 580 659 456 -496 -753 -724 -631 -233 95 -381 -613 227 871 357 703 -612 -875 177 -326 -84 -788 -456 131 481 -743 -244 -338 -291 561 -386 831 -255 -447 824 -448 601 702 -38 -907 -152 431 245 480 -14 538 -655 -398 -513 689 -27 -894 -304 560 -985 0 -61 647 856 -306 -167 -843 655 248 -188 -419 -972 -393 723 499 345 954 724 937 570 115 -195 75 614 228 -165 -312 938 -934 191 503 -870 364 -274 -677 -987 113 336 258 -555 -327 651 874 -259 -603 123 -877 -809 -181 -362 984 37 -497 -796 672 -105 605 845 917 -712 -441 224 -239 148 736 -260 809 815 -922 -102 -994 415 -986 -535 -452 -854 -707 -795 -711 477 409 -323 -414 152 471 252 -142 -166 474 -449 -147 422 910 708 -781 -273 -421 626 -350 -776 269 328 -470 -503 -97 66 -153 -952 -325 992 -270 773 14 576 -375 579 443 -247 314 -309 -242 -915 575 -469 -225 520 404 289 287 -58 341 374 -258 -591 879 -515 130 -645 -704 311 -264 -659 -673 424 654 -581 -552 -435 640 -288 -201 675 786 -860 290 -744 389 -177 377 92 -444 508 385 263 -54 -100 851 587 32 631 -429 774 348 302 -41 427 542 -3 465 568 67 -893 778 -714 -759 -691 175 512 591 -436 -553 -511 -791 -634 -686 -901 -956 873 -718 -807 -672 -507 754 951 -88 556 -905 681 393 -320 771 -199 743 798 -587 969 -643 -347 -834 -547 368 842 -592 -156 -68 11 -118 -418 205 -950 -663 -78 -909 733 -493 206 -585 758 -826 -22 -522 981 -40 390 -333 -605 546 -63 -573 375 962 35 704 -998 -210 989 -206 652 440 -409 -530 911 -932 -171 -812 216 -554 964 635 581 322 -802 -332 29 479 -266 -281 -457 -172 84 670 -405 180 225 -953 27 167 -919 -668 825 242 417 840 -713 396 219 -938 737 734 726 977 985 -56 394 63 51 955 -818 50 -186 -367 -395
